<?xml version="1.0" encoding="UTF-8"?>
<!-- Generated by org.testng.reporters.JUnitReportReporter -->
<testsuite hostname="DESKTOP-CEBJRID" failures="0" tests="4" name="Time.Report_employee" time="41.565" errors="4" timestamp="2026-04-09T23:45:20 AST" skipped="0">
  <testcase classname="Time.Report_employee" name="tearDown" time="0.009">
    <error type="java.lang.StackOverflowError">
      <![CDATA[java.lang.StackOverflowError
at Time.Report_employee.tearDown(Report_employee.java:158)
at Time.Report_employee.tearDown(Report_employee.java:158)
at Time.Report_employee.tearDown(Report_employee.java:158)
at Time.Report_employee.tearDown(Report_employee.java:158)
at Time.Report_employee.tearDown(Report_employee.java:158)
at Time.Report_employee.tearDown(Report_employee.java:158)
at Time.Report_employee.tearDown(Report_employee.java:158)
at Time.Report_employee.tearDown(Report_employee.java:158)
at Time.Report_employee.tearDown(Report_employee.java:158)
at Time.Report_employee.tearDown(Report_employee.java:158)
at Time.Report_employee.tearDown(Report_employee.java:158)
at Time.Report_employee.tearDown(Report_employee.java:158)
at Time.Report_employee.tearDown(Report_employee.java:158)
at Time.Report_employee.tearDown(Report_employee.java:158)
at Time.Report_employee.tearDown(Report_employee.java:158)
at Time.Report_employee.tearDown(Report_employee.java:158)
at Time.Report_employee.tearDown(Report_employee.java:158)
at Time.Report_employee.tearDown(Report_employee.java:158)
at Time.Report_employee.tearDown(Report_employee.java:158)
at Time.Report_employee.tearDown(Report_employee.java:158)
at Time.Report_employee.tearDown(Report_employee.java:158)
at Time.Report_employee.tearDown(Report_employee.java:158)
at Time.Report_employee.tearDown(Report_employee.java:158)
at Time.Report_employee.tearDown(Report_employee.java:158)
at Time.Report_employee.tearDown(Report_employee.java:158)
at Time.Report_employee.tearDown(Report_employee.java:158)
at Time.Report_employee.tearDown(Report_employee.java:158)
at Time.Report_employee.tearDown(Report_employee.java:158)
at Time.Report_employee.tearDown(Report_employee.java:158)
at Time.Report_employee.tearDown(Report_employee.java:158)
at Time.Report_employee.tearDown(Report_employee.java:158)
at Time.Report_employee.tearDown(Report_employee.java:158)
at Time.Report_employee.tearDown(Report_employee.java:158)
at Time.Report_employee.tearDown(Report_employee.java:158)
at Time.Report_employee.tearDown(Report_employee.java:158)
at Time.Report_employee.tearDown(Report_employee.java:158)
at Time.Report_employee.tearDown(Report_employee.java:158)
at Time.Report_employee.tearDown(Report_employee.java:158)
at Time.Report_employee.tearDown(Report_employee.java:158)
at Time.Report_employee.tearDown(Report_employee.java:158)
at Time.Report_employee.tearDown(Report_employee.java:158)
at Time.Report_employee.tearDown(Report_employee.java:158)
at Time.Report_employee.tearDown(Report_employee.java:158)
at Time.Report_employee.tearDown(Report_employee.java:158)
at Time.Report_employee.tearDown(Report_employee.java:158)
at Time.Report_employee.tearDown(Report_employee.java:158)
at Time.Report_employee.tearDown(Report_employee.java:158)
at Time.Report_employee.tearDown(Report_employee.java:158)
at Time.Report_employee.tearDown(Report_employee.java:158)
at Time.Report_employee.tearDown(Report_employee.java:158)
at Time.Report_employee.tearDown(Report_employee.java:158)
at Time.Report_employee.tearDown(Report_employee.java:158)
at Time.Report_employee.tearDown(Report_employee.java:158)
at Time.Report_employee.tearDown(Report_employee.java:158)
at Time.Report_employee.tearDown(Report_employee.java:158)
at Time.Report_employee.tearDown(Report_employee.java:158)
at Time.Report_employee.tearDown(Report_employee.java:158)
at Time.Report_employee.tearDown(Report_employee.java:158)
at Time.Report_employee.tearDown(Report_employee.java:158)
at Time.Report_employee.tearDown(Report_employee.java:158)
at Time.Report_employee.tearDown(Report_employee.java:158)
at Time.Report_employee.tearDown(Report_employee.java:158)
at Time.Report_employee.tearDown(Report_employee.java:158)
at Time.Report_employee.tearDown(Report_employee.java:158)
at Time.Report_employee.tearDown(Report_employee.java:158)
at Time.Report_employee.tearDown(Report_employee.java:158)
at Time.Report_employee.tearDown(Report_employee.java:158)
at Time.Report_employee.tearDown(Report_employee.java:158)
at Time.Report_employee.tearDown(Report_employee.java:158)
at Time.Report_employee.tearDown(Report_employee.java:158)
at Time.Report_employee.tearDown(Report_employee.java:158)
at Time.Report_employee.tearDown(Report_employee.java:158)
at Time.Report_employee.tearDown(Report_employee.java:158)
at Time.Report_employee.tearDown(Report_employee.java:158)
at Time.Report_employee.tearDown(Report_employee.java:158)
at Time.Report_employee.tearDown(Report_employee.java:158)
at Time.Report_employee.tearDown(Report_employee.java:158)
at Time.Report_employee.tearDown(Report_employee.java:158)
at Time.Report_employee.tearDown(Report_employee.java:158)
at Time.Report_employee.tearDown(Report_employee.java:158)
at Time.Report_employee.tearDown(Report_employee.java:158)
at Time.Report_employee.tearDown(Report_employee.java:158)
at Time.Report_employee.tearDown(Report_employee.java:158)
at Time.Report_employee.tearDown(Report_employee.java:158)
at Time.Report_employee.tearDown(Report_employee.java:158)
at Time.Report_employee.tearDown(Report_employee.java:158)
at Time.Report_employee.tearDown(Report_employee.java:158)
at Time.Report_employee.tearDown(Report_employee.java:158)
at Time.Report_employee.tearDown(Report_employee.java:158)
at Time.Report_employee.tearDown(Report_employee.java:158)
at Time.Report_employee.tearDown(Report_employee.java:158)
at Time.Report_employee.tearDown(Report_employee.java:158)
at Time.Report_employee.tearDown(Report_employee.java:158)
at Time.Report_employee.tearDown(Report_employee.java:158)
at Time.Report_employee.tearDown(Report_employee.java:158)
at Time.Report_employee.tearDown(Report_employee.java:158)
at Time.Report_employee.tearDown(Report_employee.java:158)
at Time.Report_employee.tearDown(Report_employee.java:158)
at Time.Report_employee.tearDown(Report_employee.java:158)
at Time.Report_employee.tearDown(Report_employee.java:158)
at Time.Report_employee.tearDown(Report_employee.java:158)
at Time.Report_employee.tearDown(Report_employee.java:158)
at Time.Report_employee.tearDown(Report_employee.java:158)
at Time.Report_employee.tearDown(Report_employee.java:158)
at Time.Report_employee.tearDown(Report_employee.java:158)
at Time.Report_employee.tearDown(Report_employee.java:158)
at Time.Report_employee.tearDown(Report_employee.java:158)
at Time.Report_employee.tearDown(Report_employee.java:158)
at Time.Report_employee.tearDown(Report_employee.java:158)
at Time.Report_employee.tearDown(Report_employee.java:158)
at Time.Report_employee.tearDown(Report_employee.java:158)
at Time.Report_employee.tearDown(Report_employee.java:158)
at Time.Report_employee.tearDown(Report_employee.java:158)
at Time.Report_employee.tearDown(Report_employee.java:158)
at Time.Report_employee.tearDown(Report_employee.java:158)
at Time.Report_employee.tearDown(Report_employee.java:158)
at Time.Report_employee.tearDown(Report_employee.java:158)
at Time.Report_employee.tearDown(Report_employee.java:158)
at Time.Report_employee.tearDown(Report_employee.java:158)
at Time.Report_employee.tearDown(Report_employee.java:158)
at Time.Report_employee.tearDown(Report_employee.java:158)
at Time.Report_employee.tearDown(Report_employee.java:158)
at Time.Report_employee.tearDown(Report_employee.java:158)
at Time.Report_employee.tearDown(Report_employee.java:158)
at Time.Report_employee.tearDown(Report_employee.java:158)
at Time.Report_employee.tearDown(Report_employee.java:158)
at Time.Report_employee.tearDown(Report_employee.java:158)
at Time.Report_employee.tearDown(Report_employee.java:158)
at Time.Report_employee.tearDown(Report_employee.java:158)
at Time.Report_employee.tearDown(Report_employee.java:158)
at Time.Report_employee.tearDown(Report_employee.java:158)
at Time.Report_employee.tearDown(Report_employee.java:158)
at Time.Report_employee.tearDown(Report_employee.java:158)
at Time.Report_employee.tearDown(Report_employee.java:158)
at Time.Report_employee.tearDown(Report_employee.java:158)
at Time.Report_employee.tearDown(Report_employee.java:158)
at Time.Report_employee.tearDown(Report_employee.java:158)
at Time.Report_employee.tearDown(Report_employee.java:158)
at Time.Report_employee.tearDown(Report_employee.java:158)
at Time.Report_employee.tearDown(Report_employee.java:158)
at Time.Report_employee.tearDown(Report_employee.java:158)
at Time.Report_employee.tearDown(Report_employee.java:158)
at Time.Report_employee.tearDown(Report_employee.java:158)
at Time.Report_employee.tearDown(Report_employee.java:158)
at Time.Report_employee.tearDown(Report_employee.java:158)
at Time.Report_employee.tearDown(Report_employee.java:158)
at Time.Report_employee.tearDown(Report_employee.java:158)
at Time.Report_employee.tearDown(Report_employee.java:158)
at Time.Report_employee.tearDown(Report_employee.java:158)
at Time.Report_employee.tearDown(Report_employee.java:158)
at Time.Report_employee.tearDown(Report_employee.java:158)
at Time.Report_employee.tearDown(Report_employee.java:158)
at Time.Report_employee.tearDown(Report_employee.java:158)
at Time.Report_employee.tearDown(Report_employee.java:158)
at Time.Report_employee.tearDown(Report_employee.java:158)
at Time.Report_employee.tearDown(Report_employee.java:158)
at Time.Report_employee.tearDown(Report_employee.java:158)
at Time.Report_employee.tearDown(Report_employee.java:158)
at Time.Report_employee.tearDown(Report_employee.java:158)
at Time.Report_employee.tearDown(Report_employee.java:158)
at Time.Report_employee.tearDown(Report_employee.java:158)
at Time.Report_employee.tearDown(Report_employee.java:158)
at Time.Report_employee.tearDown(Report_employee.java:158)
at Time.Report_employee.tearDown(Report_employee.java:158)
at Time.Report_employee.tearDown(Report_employee.java:158)
at Time.Report_employee.tearDown(Report_employee.java:158)
at Time.Report_employee.tearDown(Report_employee.java:158)
at Time.Report_employee.tearDown(Report_employee.java:158)
at Time.Report_employee.tearDown(Report_employee.java:158)
at Time.Report_employee.tearDown(Report_employee.java:158)
at Time.Report_employee.tearDown(Report_employee.java:158)
at Time.Report_employee.tearDown(Report_employee.java:158)
at Time.Report_employee.tearDown(Report_employee.java:158)
at Time.Report_employee.tearDown(Report_employee.java:158)
at Time.Report_employee.tearDown(Report_employee.java:158)
at Time.Report_employee.tearDown(Report_employee.java:158)
at Time.Report_employee.tearDown(Report_employee.java:158)
at Time.Report_employee.tearDown(Report_employee.java:158)
at Time.Report_employee.tearDown(Report_employee.java:158)
at Time.Report_employee.tearDown(Report_employee.java:158)
at Time.Report_employee.tearDown(Report_employee.java:158)
at Time.Report_employee.tearDown(Report_employee.java:158)
at Time.Report_employee.tearDown(Report_employee.java:158)
at Time.Report_employee.tearDown(Report_employee.java:158)
at Time.Report_employee.tearDown(Report_employee.java:158)
at Time.Report_employee.tearDown(Report_employee.java:158)
at Time.Report_employee.tearDown(Report_employee.java:158)
at Time.Report_employee.tearDown(Report_employee.java:158)
at Time.Report_employee.tearDown(Report_employee.java:158)
at Time.Report_employee.tearDown(Report_employee.java:158)
at Time.Report_employee.tearDown(Report_employee.java:158)
at Time.Report_employee.tearDown(Report_employee.java:158)
at Time.Report_employee.tearDown(Report_employee.java:158)
at Time.Report_employee.tearDown(Report_employee.java:158)
at Time.Report_employee.tearDown(Report_employee.java:158)
at Time.Report_employee.tearDown(Report_employee.java:158)
at Time.Report_employee.tearDown(Report_employee.java:158)
at Time.Report_employee.tearDown(Report_employee.java:158)
at Time.Report_employee.tearDown(Report_employee.java:158)
at Time.Report_employee.tearDown(Report_employee.java:158)
at Time.Report_employee.tearDown(Report_employee.java:158)
at Time.Report_employee.tearDown(Report_employee.java:158)
at Time.Report_employee.tearDown(Report_employee.java:158)
at Time.Report_employee.tearDown(Report_employee.java:158)
at Time.Report_employee.tearDown(Report_employee.java:158)
at Time.Report_employee.tearDown(Report_employee.java:158)
at Time.Report_employee.tearDown(Report_employee.java:158)
at Time.Report_employee.tearDown(Report_employee.java:158)
at Time.Report_employee.tearDown(Report_employee.java:158)
at Time.Report_employee.tearDown(Report_employee.java:158)
at Time.Report_employee.tearDown(Report_employee.java:158)
at Time.Report_employee.tearDown(Report_employee.java:158)
at Time.Report_employee.tearDown(Report_employee.java:158)
at Time.Report_employee.tearDown(Report_employee.java:158)
at Time.Report_employee.tearDown(Report_employee.java:158)
at Time.Report_employee.tearDown(Report_employee.java:158)
at Time.Report_employee.tearDown(Report_employee.java:158)
at Time.Report_employee.tearDown(Report_employee.java:158)
at Time.Report_employee.tearDown(Report_employee.java:158)
at Time.Report_employee.tearDown(Report_employee.java:158)
at Time.Report_employee.tearDown(Report_employee.java:158)
at Time.Report_employee.tearDown(Report_employee.java:158)
at Time.Report_employee.tearDown(Report_employee.java:158)
at Time.Report_employee.tearDown(Report_employee.java:158)
at Time.Report_employee.tearDown(Report_employee.java:158)
at Time.Report_employee.tearDown(Report_employee.java:158)
at Time.Report_employee.tearDown(Report_employee.java:158)
at Time.Report_employee.tearDown(Report_employee.java:158)
at Time.Report_employee.tearDown(Report_employee.java:158)
at Time.Report_employee.tearDown(Report_employee.java:158)
at Time.Report_employee.tearDown(Report_employee.java:158)
at Time.Report_employee.tearDown(Report_employee.java:158)
at Time.Report_employee.tearDown(Report_employee.java:158)
at Time.Report_employee.tearDown(Report_employee.java:158)
at Time.Report_employee.tearDown(Report_employee.java:158)
at Time.Report_employee.tearDown(Report_employee.java:158)
at Time.Report_employee.tearDown(Report_employee.java:158)
at Time.Report_employee.tearDown(Report_employee.java:158)
at Time.Report_employee.tearDown(Report_employee.java:158)
at Time.Report_employee.tearDown(Report_employee.java:158)
at Time.Report_employee.tearDown(Report_employee.java:158)
at Time.Report_employee.tearDown(Report_employee.java:158)
at Time.Report_employee.tearDown(Report_employee.java:158)
at Time.Report_employee.tearDown(Report_employee.java:158)
at Time.Report_employee.tearDown(Report_employee.java:158)
at Time.Report_employee.tearDown(Report_employee.java:158)
at Time.Report_employee.tearDown(Report_employee.java:158)
at Time.Report_employee.tearDown(Report_employee.java:158)
at Time.Report_employee.tearDown(Report_employee.java:158)
at Time.Report_employee.tearDown(Report_employee.java:158)
at Time.Report_employee.tearDown(Report_employee.java:158)
at Time.Report_employee.tearDown(Report_employee.java:158)
at Time.Report_employee.tearDown(Report_employee.java:158)
at Time.Report_employee.tearDown(Report_employee.java:158)
at Time.Report_employee.tearDown(Report_employee.java:158)
at Time.Report_employee.tearDown(Report_employee.java:158)
at Time.Report_employee.tearDown(Report_employee.java:158)
at Time.Report_employee.tearDown(Report_employee.java:158)
at Time.Report_employee.tearDown(Report_employee.java:158)
at Time.Report_employee.tearDown(Report_employee.java:158)
at Time.Report_employee.tearDown(Report_employee.java:158)
at Time.Report_employee.tearDown(Report_employee.java:158)
at Time.Report_employee.tearDown(Report_employee.java:158)
at Time.Report_employee.tearDown(Report_employee.java:158)
at Time.Report_employee.tearDown(Report_employee.java:158)
at Time.Report_employee.tearDown(Report_employee.java:158)
at Time.Report_employee.tearDown(Report_employee.java:158)
at Time.Report_employee.tearDown(Report_employee.java:158)
at Time.Report_employee.tearDown(Report_employee.java:158)
at Time.Report_employee.tearDown(Report_employee.java:158)
at Time.Report_employee.tearDown(Report_employee.java:158)
at Time.Report_employee.tearDown(Report_employee.java:158)
at Time.Report_employee.tearDown(Report_employee.java:158)
at Time.Report_employee.tearDown(Report_employee.java:158)
at Time.Report_employee.tearDown(Report_employee.java:158)
at Time.Report_employee.tearDown(Report_employee.java:158)
at Time.Report_employee.tearDown(Report_employee.java:158)
at Time.Report_employee.tearDown(Report_employee.java:158)
at Time.Report_employee.tearDown(Report_employee.java:158)
at Time.Report_employee.tearDown(Report_employee.java:158)
at Time.Report_employee.tearDown(Report_employee.java:158)
at Time.Report_employee.tearDown(Report_employee.java:158)
at Time.Report_employee.tearDown(Report_employee.java:158)
at Time.Report_employee.tearDown(Report_employee.java:158)
at Time.Report_employee.tearDown(Report_employee.java:158)
at Time.Report_employee.tearDown(Report_employee.java:158)
at Time.Report_employee.tearDown(Report_employee.java:158)
at Time.Report_employee.tearDown(Report_employee.java:158)
at Time.Report_employee.tearDown(Report_employee.java:158)
at Time.Report_employee.tearDown(Report_employee.java:158)
at Time.Report_employee.tearDown(Report_employee.java:158)
at Time.Report_employee.tearDown(Report_employee.java:158)
at Time.Report_employee.tearDown(Report_employee.java:158)
at Time.Report_employee.tearDown(Report_employee.java:158)
at Time.Report_employee.tearDown(Report_employee.java:158)
at Time.Report_employee.tearDown(Report_employee.java:158)
at Time.Report_employee.tearDown(Report_employee.java:158)
at Time.Report_employee.tearDown(Report_employee.java:158)
at Time.Report_employee.tearDown(Report_employee.java:158)
at Time.Report_employee.tearDown(Report_employee.java:158)
at Time.Report_employee.tearDown(Report_employee.java:158)
at Time.Report_employee.tearDown(Report_employee.java:158)
at Time.Report_employee.tearDown(Report_employee.java:158)
at Time.Report_employee.tearDown(Report_employee.java:158)
at Time.Report_employee.tearDown(Report_employee.java:158)
at Time.Report_employee.tearDown(Report_employee.java:158)
at Time.Report_employee.tearDown(Report_employee.java:158)
at Time.Report_employee.tearDown(Report_employee.java:158)
at Time.Report_employee.tearDown(Report_employee.java:158)
at Time.Report_employee.tearDown(Report_employee.java:158)
at Time.Report_employee.tearDown(Report_employee.java:158)
at Time.Report_employee.tearDown(Report_employee.java:158)
at Time.Report_employee.tearDown(Report_employee.java:158)
at Time.Report_employee.tearDown(Report_employee.java:158)
at Time.Report_employee.tearDown(Report_employee.java:158)
at Time.Report_employee.tearDown(Report_employee.java:158)
at Time.Report_employee.tearDown(Report_employee.java:158)
at Time.Report_employee.tearDown(Report_employee.java:158)
at Time.Report_employee.tearDown(Report_employee.java:158)
at Time.Report_employee.tearDown(Report_employee.java:158)
at Time.Report_employee.tearDown(Report_employee.java:158)
at Time.Report_employee.tearDown(Report_employee.java:158)
at Time.Report_employee.tearDown(Report_employee.java:158)
at Time.Report_employee.tearDown(Report_employee.java:158)
at Time.Report_employee.tearDown(Report_employee.java:158)
at Time.Report_employee.tearDown(Report_employee.java:158)
at Time.Report_employee.tearDown(Report_employee.java:158)
at Time.Report_employee.tearDown(Report_employee.java:158)
at Time.Report_employee.tearDown(Report_employee.java:158)
at Time.Report_employee.tearDown(Report_employee.java:158)
at Time.Report_employee.tearDown(Report_employee.java:158)
at Time.Report_employee.tearDown(Report_employee.java:158)
at Time.Report_employee.tearDown(Report_employee.java:158)
at Time.Report_employee.tearDown(Report_employee.java:158)
at Time.Report_employee.tearDown(Report_employee.java:158)
at Time.Report_employee.tearDown(Report_employee.java:158)
at Time.Report_employee.tearDown(Report_employee.java:158)
at Time.Report_employee.tearDown(Report_employee.java:158)
at Time.Report_employee.tearDown(Report_employee.java:158)
at Time.Report_employee.tearDown(Report_employee.java:158)
at Time.Report_employee.tearDown(Report_employee.java:158)
at Time.Report_employee.tearDown(Report_employee.java:158)
at Time.Report_employee.tearDown(Report_employee.java:158)
at Time.Report_employee.tearDown(Report_employee.java:158)
at Time.Report_employee.tearDown(Report_employee.java:158)
at Time.Report_employee.tearDown(Report_employee.java:158)
at Time.Report_employee.tearDown(Report_employee.java:158)
at Time.Report_employee.tearDown(Report_employee.java:158)
at Time.Report_employee.tearDown(Report_employee.java:158)
at Time.Report_employee.tearDown(Report_employee.java:158)
at Time.Report_employee.tearDown(Report_employee.java:158)
at Time.Report_employee.tearDown(Report_employee.java:158)
at Time.Report_employee.tearDown(Report_employee.java:158)
at Time.Report_employee.tearDown(Report_employee.java:158)
at Time.Report_employee.tearDown(Report_employee.java:158)
at Time.Report_employee.tearDown(Report_employee.java:158)
at Time.Report_employee.tearDown(Report_employee.java:158)
at Time.Report_employee.tearDown(Report_employee.java:158)
at Time.Report_employee.tearDown(Report_employee.java:158)
at Time.Report_employee.tearDown(Report_employee.java:158)
at Time.Report_employee.tearDown(Report_employee.java:158)
at Time.Report_employee.tearDown(Report_employee.java:158)
at Time.Report_employee.tearDown(Report_employee.java:158)
at Time.Report_employee.tearDown(Report_employee.java:158)
at Time.Report_employee.tearDown(Report_employee.java:158)
at Time.Report_employee.tearDown(Report_employee.java:158)
at Time.Report_employee.tearDown(Report_employee.java:158)
at Time.Report_employee.tearDown(Report_employee.java:158)
at Time.Report_employee.tearDown(Report_employee.java:158)
at Time.Report_employee.tearDown(Report_employee.java:158)
at Time.Report_employee.tearDown(Report_employee.java:158)
at Time.Report_employee.tearDown(Report_employee.java:158)
at Time.Report_employee.tearDown(Report_employee.java:158)
at Time.Report_employee.tearDown(Report_employee.java:158)
at Time.Report_employee.tearDown(Report_employee.java:158)
at Time.Report_employee.tearDown(Report_employee.java:158)
at Time.Report_employee.tearDown(Report_employee.java:158)
at Time.Report_employee.tearDown(Report_employee.java:158)
at Time.Report_employee.tearDown(Report_employee.java:158)
at Time.Report_employee.tearDown(Report_employee.java:158)
at Time.Report_employee.tearDown(Report_employee.java:158)
at Time.Report_employee.tearDown(Report_employee.java:158)
at Time.Report_employee.tearDown(Report_employee.java:158)
at Time.Report_employee.tearDown(Report_employee.java:158)
at Time.Report_employee.tearDown(Report_employee.java:158)
at Time.Report_employee.tearDown(Report_employee.java:158)
at Time.Report_employee.tearDown(Report_employee.java:158)
at Time.Report_employee.tearDown(Report_employee.java:158)
at Time.Report_employee.tearDown(Report_employee.java:158)
at Time.Report_employee.tearDown(Report_employee.java:158)
at Time.Report_employee.tearDown(Report_employee.java:158)
at Time.Report_employee.tearDown(Report_employee.java:158)
at Time.Report_employee.tearDown(Report_employee.java:158)
at Time.Report_employee.tearDown(Report_employee.java:158)
at Time.Report_employee.tearDown(Report_employee.java:158)
at Time.Report_employee.tearDown(Report_employee.java:158)
at Time.Report_employee.tearDown(Report_employee.java:158)
at Time.Report_employee.tearDown(Report_employee.java:158)
at Time.Report_employee.tearDown(Report_employee.java:158)
at Time.Report_employee.tearDown(Report_employee.java:158)
at Time.Report_employee.tearDown(Report_employee.java:158)
at Time.Report_employee.tearDown(Report_employee.java:158)
at Time.Report_employee.tearDown(Report_employee.java:158)
at Time.Report_employee.tearDown(Report_employee.java:158)
at Time.Report_employee.tearDown(Report_employee.java:158)
at Time.Report_employee.tearDown(Report_employee.java:158)
at Time.Report_employee.tearDown(Report_employee.java:158)
at Time.Report_employee.tearDown(Report_employee.java:158)
at Time.Report_employee.tearDown(Report_employee.java:158)
at Time.Report_employee.tearDown(Report_employee.java:158)
at Time.Report_employee.tearDown(Report_employee.java:158)
at Time.Report_employee.tearDown(Report_employee.java:158)
at Time.Report_employee.tearDown(Report_employee.java:158)
at Time.Report_employee.tearDown(Report_employee.java:158)
at Time.Report_employee.tearDown(Report_employee.java:158)
at Time.Report_employee.tearDown(Report_employee.java:158)
at Time.Report_employee.tearDown(Report_employee.java:158)
at Time.Report_employee.tearDown(Report_employee.java:158)
at Time.Report_employee.tearDown(Report_employee.java:158)
at Time.Report_employee.tearDown(Report_employee.java:158)
at Time.Report_employee.tearDown(Report_employee.java:158)
at Time.Report_employee.tearDown(Report_employee.java:158)
at Time.Report_employee.tearDown(Report_employee.java:158)
at Time.Report_employee.tearDown(Report_employee.java:158)
at Time.Report_employee.tearDown(Report_employee.java:158)
at Time.Report_employee.tearDown(Report_employee.java:158)
at Time.Report_employee.tearDown(Report_employee.java:158)
at Time.Report_employee.tearDown(Report_employee.java:158)
at Time.Report_employee.tearDown(Report_employee.java:158)
at Time.Report_employee.tearDown(Report_employee.java:158)
at Time.Report_employee.tearDown(Report_employee.java:158)
at Time.Report_employee.tearDown(Report_employee.java:158)
at Time.Report_employee.tearDown(Report_employee.java:158)
at Time.Report_employee.tearDown(Report_employee.java:158)
at Time.Report_employee.tearDown(Report_employee.java:158)
at Time.Report_employee.tearDown(Report_employee.java:158)
at Time.Report_employee.tearDown(Report_employee.java:158)
at Time.Report_employee.tearDown(Report_employee.java:158)
at Time.Report_employee.tearDown(Report_employee.java:158)
at Time.Report_employee.tearDown(Report_employee.java:158)
at Time.Report_employee.tearDown(Report_employee.java:158)
at Time.Report_employee.tearDown(Report_employee.java:158)
at Time.Report_employee.tearDown(Report_employee.java:158)
at Time.Report_employee.tearDown(Report_employee.java:158)
at Time.Report_employee.tearDown(Report_employee.java:158)
at Time.Report_employee.tearDown(Report_employee.java:158)
at Time.Report_employee.tearDown(Report_employee.java:158)
at Time.Report_employee.tearDown(Report_employee.java:158)
at Time.Report_employee.tearDown(Report_employee.java:158)
at Time.Report_employee.tearDown(Report_employee.java:158)
at Time.Report_employee.tearDown(Report_employee.java:158)
at Time.Report_employee.tearDown(Report_employee.java:158)
at Time.Report_employee.tearDown(Report_employee.java:158)
at Time.Report_employee.tearDown(Report_employee.java:158)
at Time.Report_employee.tearDown(Report_employee.java:158)
at Time.Report_employee.tearDown(Report_employee.java:158)
at Time.Report_employee.tearDown(Report_employee.java:158)
at Time.Report_employee.tearDown(Report_employee.java:158)
at Time.Report_employee.tearDown(Report_employee.java:158)
at Time.Report_employee.tearDown(Report_employee.java:158)
at Time.Report_employee.tearDown(Report_employee.java:158)
at Time.Report_employee.tearDown(Report_employee.java:158)
at Time.Report_employee.tearDown(Report_employee.java:158)
at Time.Report_employee.tearDown(Report_employee.java:158)
at Time.Report_employee.tearDown(Report_employee.java:158)
at Time.Report_employee.tearDown(Report_employee.java:158)
at Time.Report_employee.tearDown(Report_employee.java:158)
at Time.Report_employee.tearDown(Report_employee.java:158)
at Time.Report_employee.tearDown(Report_employee.java:158)
at Time.Report_employee.tearDown(Report_employee.java:158)
at Time.Report_employee.tearDown(Report_employee.java:158)
at Time.Report_employee.tearDown(Report_employee.java:158)
at Time.Report_employee.tearDown(Report_employee.java:158)
at Time.Report_employee.tearDown(Report_employee.java:158)
at Time.Report_employee.tearDown(Report_employee.java:158)
at Time.Report_employee.tearDown(Report_employee.java:158)
at Time.Report_employee.tearDown(Report_employee.java:158)
at Time.Report_employee.tearDown(Report_employee.java:158)
at Time.Report_employee.tearDown(Report_employee.java:158)
at Time.Report_employee.tearDown(Report_employee.java:158)
at Time.Report_employee.tearDown(Report_employee.java:158)
at Time.Report_employee.tearDown(Report_employee.java:158)
at Time.Report_employee.tearDown(Report_employee.java:158)
at Time.Report_employee.tearDown(Report_employee.java:158)
at Time.Report_employee.tearDown(Report_employee.java:158)
at Time.Report_employee.tearDown(Report_employee.java:158)
at Time.Report_employee.tearDown(Report_employee.java:158)
at Time.Report_employee.tearDown(Report_employee.java:158)
at Time.Report_employee.tearDown(Report_employee.java:158)
at Time.Report_employee.tearDown(Report_employee.java:158)
at Time.Report_employee.tearDown(Report_employee.java:158)
at Time.Report_employee.tearDown(Report_employee.java:158)
at Time.Report_employee.tearDown(Report_employee.java:158)
at Time.Report_employee.tearDown(Report_employee.java:158)
at Time.Report_employee.tearDown(Report_employee.java:158)
at Time.Report_employee.tearDown(Report_employee.java:158)
at Time.Report_employee.tearDown(Report_employee.java:158)
at Time.Report_employee.tearDown(Report_employee.java:158)
at Time.Report_employee.tearDown(Report_employee.java:158)
at Time.Report_employee.tearDown(Report_employee.java:158)
at Time.Report_employee.tearDown(Report_employee.java:158)
at Time.Report_employee.tearDown(Report_employee.java:158)
at Time.Report_employee.tearDown(Report_employee.java:158)
at Time.Report_employee.tearDown(Report_employee.java:158)
at Time.Report_employee.tearDown(Report_employee.java:158)
at Time.Report_employee.tearDown(Report_employee.java:158)
at Time.Report_employee.tearDown(Report_employee.java:158)
at Time.Report_employee.tearDown(Report_employee.java:158)
at Time.Report_employee.tearDown(Report_employee.java:158)
at Time.Report_employee.tearDown(Report_employee.java:158)
at Time.Report_employee.tearDown(Report_employee.java:158)
at Time.Report_employee.tearDown(Report_employee.java:158)
at Time.Report_employee.tearDown(Report_employee.java:158)
at Time.Report_employee.tearDown(Report_employee.java:158)
at Time.Report_employee.tearDown(Report_employee.java:158)
at Time.Report_employee.tearDown(Report_employee.java:158)
at Time.Report_employee.tearDown(Report_employee.java:158)
at Time.Report_employee.tearDown(Report_employee.java:158)
at Time.Report_employee.tearDown(Report_employee.java:158)
at Time.Report_employee.tearDown(Report_employee.java:158)
at Time.Report_employee.tearDown(Report_employee.java:158)
at Time.Report_employee.tearDown(Report_employee.java:158)
at Time.Report_employee.tearDown(Report_employee.java:158)
at Time.Report_employee.tearDown(Report_employee.java:158)
at Time.Report_employee.tearDown(Report_employee.java:158)
at Time.Report_employee.tearDown(Report_employee.java:158)
at Time.Report_employee.tearDown(Report_employee.java:158)
at Time.Report_employee.tearDown(Report_employee.java:158)
at Time.Report_employee.tearDown(Report_employee.java:158)
at Time.Report_employee.tearDown(Report_employee.java:158)
at Time.Report_employee.tearDown(Report_employee.java:158)
at Time.Report_employee.tearDown(Report_employee.java:158)
at Time.Report_employee.tearDown(Report_employee.java:158)
at Time.Report_employee.tearDown(Report_employee.java:158)
at Time.Report_employee.tearDown(Report_employee.java:158)
at Time.Report_employee.tearDown(Report_employee.java:158)
at Time.Report_employee.tearDown(Report_employee.java:158)
at Time.Report_employee.tearDown(Report_employee.java:158)
at Time.Report_employee.tearDown(Report_employee.java:158)
at Time.Report_employee.tearDown(Report_employee.java:158)
at Time.Report_employee.tearDown(Report_employee.java:158)
at Time.Report_employee.tearDown(Report_employee.java:158)
at Time.Report_employee.tearDown(Report_employee.java:158)
at Time.Report_employee.tearDown(Report_employee.java:158)
at Time.Report_employee.tearDown(Report_employee.java:158)
at Time.Report_employee.tearDown(Report_employee.java:158)
at Time.Report_employee.tearDown(Report_employee.java:158)
at Time.Report_employee.tearDown(Report_employee.java:158)
at Time.Report_employee.tearDown(Report_employee.java:158)
at Time.Report_employee.tearDown(Report_employee.java:158)
at Time.Report_employee.tearDown(Report_employee.java:158)
at Time.Report_employee.tearDown(Report_employee.java:158)
at Time.Report_employee.tearDown(Report_employee.java:158)
at Time.Report_employee.tearDown(Report_employee.java:158)
at Time.Report_employee.tearDown(Report_employee.java:158)
at Time.Report_employee.tearDown(Report_employee.java:158)
at Time.Report_employee.tearDown(Report_employee.java:158)
at Time.Report_employee.tearDown(Report_employee.java:158)
at Time.Report_employee.tearDown(Report_employee.java:158)
at Time.Report_employee.tearDown(Report_employee.java:158)
at Time.Report_employee.tearDown(Report_employee.java:158)
at Time.Report_employee.tearDown(Report_employee.java:158)
at Time.Report_employee.tearDown(Report_employee.java:158)
at Time.Report_employee.tearDown(Report_employee.java:158)
at Time.Report_employee.tearDown(Report_employee.java:158)
at Time.Report_employee.tearDown(Report_employee.java:158)
at Time.Report_employee.tearDown(Report_employee.java:158)
at Time.Report_employee.tearDown(Report_employee.java:158)
at Time.Report_employee.tearDown(Report_employee.java:158)
at Time.Report_employee.tearDown(Report_employee.java:158)
at Time.Report_employee.tearDown(Report_employee.java:158)
at Time.Report_employee.tearDown(Report_employee.java:158)
at Time.Report_employee.tearDown(Report_employee.java:158)
at Time.Report_employee.tearDown(Report_employee.java:158)
at Time.Report_employee.tearDown(Report_employee.java:158)
at Time.Report_employee.tearDown(Report_employee.java:158)
at Time.Report_employee.tearDown(Report_employee.java:158)
at Time.Report_employee.tearDown(Report_employee.java:158)
at Time.Report_employee.tearDown(Report_employee.java:158)
at Time.Report_employee.tearDown(Report_employee.java:158)
at Time.Report_employee.tearDown(Report_employee.java:158)
at Time.Report_employee.tearDown(Report_employee.java:158)
at Time.Report_employee.tearDown(Report_employee.java:158)
at Time.Report_employee.tearDown(Report_employee.java:158)
at Time.Report_employee.tearDown(Report_employee.java:158)
at Time.Report_employee.tearDown(Report_employee.java:158)
at Time.Report_employee.tearDown(Report_employee.java:158)
at Time.Report_employee.tearDown(Report_employee.java:158)
at Time.Report_employee.tearDown(Report_employee.java:158)
at Time.Report_employee.tearDown(Report_employee.java:158)
at Time.Report_employee.tearDown(Report_employee.java:158)
at Time.Report_employee.tearDown(Report_employee.java:158)
at Time.Report_employee.tearDown(Report_employee.java:158)
at Time.Report_employee.tearDown(Report_employee.java:158)
at Time.Report_employee.tearDown(Report_employee.java:158)
at Time.Report_employee.tearDown(Report_employee.java:158)
at Time.Report_employee.tearDown(Report_employee.java:158)
at Time.Report_employee.tearDown(Report_employee.java:158)
at Time.Report_employee.tearDown(Report_employee.java:158)
at Time.Report_employee.tearDown(Report_employee.java:158)
at Time.Report_employee.tearDown(Report_employee.java:158)
at Time.Report_employee.tearDown(Report_employee.java:158)
at Time.Report_employee.tearDown(Report_employee.java:158)
at Time.Report_employee.tearDown(Report_employee.java:158)
at Time.Report_employee.tearDown(Report_employee.java:158)
at Time.Report_employee.tearDown(Report_employee.java:158)
at Time.Report_employee.tearDown(Report_employee.java:158)
at Time.Report_employee.tearDown(Report_employee.java:158)
at Time.Report_employee.tearDown(Report_employee.java:158)
at Time.Report_employee.tearDown(Report_employee.java:158)
at Time.Report_employee.tearDown(Report_employee.java:158)
at Time.Report_employee.tearDown(Report_employee.java:158)
at Time.Report_employee.tearDown(Report_employee.java:158)
at Time.Report_employee.tearDown(Report_employee.java:158)
at Time.Report_employee.tearDown(Report_employee.java:158)
at Time.Report_employee.tearDown(Report_employee.java:158)
at Time.Report_employee.tearDown(Report_employee.java:158)
at Time.Report_employee.tearDown(Report_employee.java:158)
at Time.Report_employee.tearDown(Report_employee.java:158)
at Time.Report_employee.tearDown(Report_employee.java:158)
at Time.Report_employee.tearDown(Report_employee.java:158)
at Time.Report_employee.tearDown(Report_employee.java:158)
at Time.Report_employee.tearDown(Report_employee.java:158)
at Time.Report_employee.tearDown(Report_employee.java:158)
at Time.Report_employee.tearDown(Report_employee.java:158)
at Time.Report_employee.tearDown(Report_employee.java:158)
at Time.Report_employee.tearDown(Report_employee.java:158)
at Time.Report_employee.tearDown(Report_employee.java:158)
at Time.Report_employee.tearDown(Report_employee.java:158)
at Time.Report_employee.tearDown(Report_employee.java:158)
at Time.Report_employee.tearDown(Report_employee.java:158)
at Time.Report_employee.tearDown(Report_employee.java:158)
at Time.Report_employee.tearDown(Report_employee.java:158)
at Time.Report_employee.tearDown(Report_employee.java:158)
at Time.Report_employee.tearDown(Report_employee.java:158)
at Time.Report_employee.tearDown(Report_employee.java:158)
at Time.Report_employee.tearDown(Report_employee.java:158)
at Time.Report_employee.tearDown(Report_employee.java:158)
at Time.Report_employee.tearDown(Report_employee.java:158)
at Time.Report_employee.tearDown(Report_employee.java:158)
at Time.Report_employee.tearDown(Report_employee.java:158)
at Time.Report_employee.tearDown(Report_employee.java:158)
at Time.Report_employee.tearDown(Report_employee.java:158)
at Time.Report_employee.tearDown(Report_employee.java:158)
at Time.Report_employee.tearDown(Report_employee.java:158)
at Time.Report_employee.tearDown(Report_employee.java:158)
at Time.Report_employee.tearDown(Report_employee.java:158)
at Time.Report_employee.tearDown(Report_employee.java:158)
at Time.Report_employee.tearDown(Report_employee.java:158)
at Time.Report_employee.tearDown(Report_employee.java:158)
at Time.Report_employee.tearDown(Report_employee.java:158)
at Time.Report_employee.tearDown(Report_employee.java:158)
at Time.Report_employee.tearDown(Report_employee.java:158)
at Time.Report_employee.tearDown(Report_employee.java:158)
at Time.Report_employee.tearDown(Report_employee.java:158)
at Time.Report_employee.tearDown(Report_employee.java:158)
at Time.Report_employee.tearDown(Report_employee.java:158)
at Time.Report_employee.tearDown(Report_employee.java:158)
at Time.Report_employee.tearDown(Report_employee.java:158)
at Time.Report_employee.tearDown(Report_employee.java:158)
at Time.Report_employee.tearDown(Report_employee.java:158)
at Time.Report_employee.tearDown(Report_employee.java:158)
at Time.Report_employee.tearDown(Report_employee.java:158)
at Time.Report_employee.tearDown(Report_employee.java:158)
at Time.Report_employee.tearDown(Report_employee.java:158)
at Time.Report_employee.tearDown(Report_employee.java:158)
at Time.Report_employee.tearDown(Report_employee.java:158)
at Time.Report_employee.tearDown(Report_employee.java:158)
at Time.Report_employee.tearDown(Report_employee.java:158)
at Time.Report_employee.tearDown(Report_employee.java:158)
at Time.Report_employee.tearDown(Report_employee.java:158)
at Time.Report_employee.tearDown(Report_employee.java:158)
at Time.Report_employee.tearDown(Report_employee.java:158)
at Time.Report_employee.tearDown(Report_employee.java:158)
at Time.Report_employee.tearDown(Report_employee.java:158)
at Time.Report_employee.tearDown(Report_employee.java:158)
at Time.Report_employee.tearDown(Report_employee.java:158)
at Time.Report_employee.tearDown(Report_employee.java:158)
at Time.Report_employee.tearDown(Report_employee.java:158)
at Time.Report_employee.tearDown(Report_employee.java:158)
at Time.Report_employee.tearDown(Report_employee.java:158)
at Time.Report_employee.tearDown(Report_employee.java:158)
at Time.Report_employee.tearDown(Report_employee.java:158)
at Time.Report_employee.tearDown(Report_employee.java:158)
at Time.Report_employee.tearDown(Report_employee.java:158)
at Time.Report_employee.tearDown(Report_employee.java:158)
at Time.Report_employee.tearDown(Report_employee.java:158)
at Time.Report_employee.tearDown(Report_employee.java:158)
at Time.Report_employee.tearDown(Report_employee.java:158)
at Time.Report_employee.tearDown(Report_employee.java:158)
at Time.Report_employee.tearDown(Report_employee.java:158)
at Time.Report_employee.tearDown(Report_employee.java:158)
at Time.Report_employee.tearDown(Report_employee.java:158)
at Time.Report_employee.tearDown(Report_employee.java:158)
at Time.Report_employee.tearDown(Report_employee.java:158)
at Time.Report_employee.tearDown(Report_employee.java:158)
at Time.Report_employee.tearDown(Report_employee.java:158)
at Time.Report_employee.tearDown(Report_employee.java:158)
at Time.Report_employee.tearDown(Report_employee.java:158)
at Time.Report_employee.tearDown(Report_employee.java:158)
at Time.Report_employee.tearDown(Report_employee.java:158)
at Time.Report_employee.tearDown(Report_employee.java:158)
at Time.Report_employee.tearDown(Report_employee.java:158)
at Time.Report_employee.tearDown(Report_employee.java:158)
at Time.Report_employee.tearDown(Report_employee.java:158)
at Time.Report_employee.tearDown(Report_employee.java:158)
at Time.Report_employee.tearDown(Report_employee.java:158)
at Time.Report_employee.tearDown(Report_employee.java:158)
at Time.Report_employee.tearDown(Report_employee.java:158)
at Time.Report_employee.tearDown(Report_employee.java:158)
at Time.Report_employee.tearDown(Report_employee.java:158)
at Time.Report_employee.tearDown(Report_employee.java:158)
at Time.Report_employee.tearDown(Report_employee.java:158)
at Time.Report_employee.tearDown(Report_employee.java:158)
at Time.Report_employee.tearDown(Report_employee.java:158)
at Time.Report_employee.tearDown(Report_employee.java:158)
at Time.Report_employee.tearDown(Report_employee.java:158)
at Time.Report_employee.tearDown(Report_employee.java:158)
at Time.Report_employee.tearDown(Report_employee.java:158)
at Time.Report_employee.tearDown(Report_employee.java:158)
at Time.Report_employee.tearDown(Report_employee.java:158)
at Time.Report_employee.tearDown(Report_employee.java:158)
at Time.Report_employee.tearDown(Report_employee.java:158)
at Time.Report_employee.tearDown(Report_employee.java:158)
at Time.Report_employee.tearDown(Report_employee.java:158)
at Time.Report_employee.tearDown(Report_employee.java:158)
at Time.Report_employee.tearDown(Report_employee.java:158)
at Time.Report_employee.tearDown(Report_employee.java:158)
at Time.Report_employee.tearDown(Report_employee.java:158)
at Time.Report_employee.tearDown(Report_employee.java:158)
at Time.Report_employee.tearDown(Report_employee.java:158)
at Time.Report_employee.tearDown(Report_employee.java:158)
at Time.Report_employee.tearDown(Report_employee.java:158)
at Time.Report_employee.tearDown(Report_employee.java:158)
at Time.Report_employee.tearDown(Report_employee.java:158)
at Time.Report_employee.tearDown(Report_employee.java:158)
at Time.Report_employee.tearDown(Report_employee.java:158)
at Time.Report_employee.tearDown(Report_employee.java:158)
at Time.Report_employee.tearDown(Report_employee.java:158)
at Time.Report_employee.tearDown(Report_employee.java:158)
at Time.Report_employee.tearDown(Report_employee.java:158)
at Time.Report_employee.tearDown(Report_employee.java:158)
at Time.Report_employee.tearDown(Report_employee.java:158)
at Time.Report_employee.tearDown(Report_employee.java:158)
at Time.Report_employee.tearDown(Report_employee.java:158)
at Time.Report_employee.tearDown(Report_employee.java:158)
at Time.Report_employee.tearDown(Report_employee.java:158)
at Time.Report_employee.tearDown(Report_employee.java:158)
at Time.Report_employee.tearDown(Report_employee.java:158)
at Time.Report_employee.tearDown(Report_employee.java:158)
at Time.Report_employee.tearDown(Report_employee.java:158)
at Time.Report_employee.tearDown(Report_employee.java:158)
at Time.Report_employee.tearDown(Report_employee.java:158)
at Time.Report_employee.tearDown(Report_employee.java:158)
at Time.Report_employee.tearDown(Report_employee.java:158)
at Time.Report_employee.tearDown(Report_employee.java:158)
at Time.Report_employee.tearDown(Report_employee.java:158)
at Time.Report_employee.tearDown(Report_employee.java:158)
at Time.Report_employee.tearDown(Report_employee.java:158)
at Time.Report_employee.tearDown(Report_employee.java:158)
at Time.Report_employee.tearDown(Report_employee.java:158)
at Time.Report_employee.tearDown(Report_employee.java:158)
at Time.Report_employee.tearDown(Report_employee.java:158)
at Time.Report_employee.tearDown(Report_employee.java:158)
at Time.Report_employee.tearDown(Report_employee.java:158)
at Time.Report_employee.tearDown(Report_employee.java:158)
at Time.Report_employee.tearDown(Report_employee.java:158)
at Time.Report_employee.tearDown(Report_employee.java:158)
at Time.Report_employee.tearDown(Report_employee.java:158)
at Time.Report_employee.tearDown(Report_employee.java:158)
at Time.Report_employee.tearDown(Report_employee.java:158)
at Time.Report_employee.tearDown(Report_employee.java:158)
at Time.Report_employee.tearDown(Report_employee.java:158)
at Time.Report_employee.tearDown(Report_employee.java:158)
at Time.Report_employee.tearDown(Report_employee.java:158)
at Time.Report_employee.tearDown(Report_employee.java:158)
at Time.Report_employee.tearDown(Report_employee.java:158)
at Time.Report_employee.tearDown(Report_employee.java:158)
at Time.Report_employee.tearDown(Report_employee.java:158)
at Time.Report_employee.tearDown(Report_employee.java:158)
at Time.Report_employee.tearDown(Report_employee.java:158)
at Time.Report_employee.tearDown(Report_employee.java:158)
at Time.Report_employee.tearDown(Report_employee.java:158)
at Time.Report_employee.tearDown(Report_employee.java:158)
at Time.Report_employee.tearDown(Report_employee.java:158)
at Time.Report_employee.tearDown(Report_employee.java:158)
at Time.Report_employee.tearDown(Report_employee.java:158)
at Time.Report_employee.tearDown(Report_employee.java:158)
at Time.Report_employee.tearDown(Report_employee.java:158)
at Time.Report_employee.tearDown(Report_employee.java:158)
at Time.Report_employee.tearDown(Report_employee.java:158)
at Time.Report_employee.tearDown(Report_employee.java:158)
at Time.Report_employee.tearDown(Report_employee.java:158)
at Time.Report_employee.tearDown(Report_employee.java:158)
at Time.Report_employee.tearDown(Report_employee.java:158)
at Time.Report_employee.tearDown(Report_employee.java:158)
at Time.Report_employee.tearDown(Report_employee.java:158)
at Time.Report_employee.tearDown(Report_employee.java:158)
at Time.Report_employee.tearDown(Report_employee.java:158)
at Time.Report_employee.tearDown(Report_employee.java:158)
at Time.Report_employee.tearDown(Report_employee.java:158)
at Time.Report_employee.tearDown(Report_employee.java:158)
at Time.Report_employee.tearDown(Report_employee.java:158)
at Time.Report_employee.tearDown(Report_employee.java:158)
at Time.Report_employee.tearDown(Report_employee.java:158)
at Time.Report_employee.tearDown(Report_employee.java:158)
at Time.Report_employee.tearDown(Report_employee.java:158)
at Time.Report_employee.tearDown(Report_employee.java:158)
at Time.Report_employee.tearDown(Report_employee.java:158)
at Time.Report_employee.tearDown(Report_employee.java:158)
at Time.Report_employee.tearDown(Report_employee.java:158)
at Time.Report_employee.tearDown(Report_employee.java:158)
at Time.Report_employee.tearDown(Report_employee.java:158)
at Time.Report_employee.tearDown(Report_employee.java:158)
at Time.Report_employee.tearDown(Report_employee.java:158)
at Time.Report_employee.tearDown(Report_employee.java:158)
at Time.Report_employee.tearDown(Report_employee.java:158)
at Time.Report_employee.tearDown(Report_employee.java:158)
at Time.Report_employee.tearDown(Report_employee.java:158)
at Time.Report_employee.tearDown(Report_employee.java:158)
at Time.Report_employee.tearDown(Report_employee.java:158)
at Time.Report_employee.tearDown(Report_employee.java:158)
at Time.Report_employee.tearDown(Report_employee.java:158)
at Time.Report_employee.tearDown(Report_employee.java:158)
at Time.Report_employee.tearDown(Report_employee.java:158)
at Time.Report_employee.tearDown(Report_employee.java:158)
at Time.Report_employee.tearDown(Report_employee.java:158)
at Time.Report_employee.tearDown(Report_employee.java:158)
at Time.Report_employee.tearDown(Report_employee.java:158)
at Time.Report_employee.tearDown(Report_employee.java:158)
at Time.Report_employee.tearDown(Report_employee.java:158)
at Time.Report_employee.tearDown(Report_employee.java:158)
at Time.Report_employee.tearDown(Report_employee.java:158)
at Time.Report_employee.tearDown(Report_employee.java:158)
at Time.Report_employee.tearDown(Report_employee.java:158)
at Time.Report_employee.tearDown(Report_employee.java:158)
at Time.Report_employee.tearDown(Report_employee.java:158)
at Time.Report_employee.tearDown(Report_employee.java:158)
at Time.Report_employee.tearDown(Report_employee.java:158)
at Time.Report_employee.tearDown(Report_employee.java:158)
at Time.Report_employee.tearDown(Report_employee.java:158)
at Time.Report_employee.tearDown(Report_employee.java:158)
at Time.Report_employee.tearDown(Report_employee.java:158)
at Time.Report_employee.tearDown(Report_employee.java:158)
at Time.Report_employee.tearDown(Report_employee.java:158)
at Time.Report_employee.tearDown(Report_employee.java:158)
at Time.Report_employee.tearDown(Report_employee.java:158)
at Time.Report_employee.tearDown(Report_employee.java:158)
at Time.Report_employee.tearDown(Report_employee.java:158)
at Time.Report_employee.tearDown(Report_employee.java:158)
at Time.Report_employee.tearDown(Report_employee.java:158)
at Time.Report_employee.tearDown(Report_employee.java:158)
at Time.Report_employee.tearDown(Report_employee.java:158)
at Time.Report_employee.tearDown(Report_employee.java:158)
at Time.Report_employee.tearDown(Report_employee.java:158)
at Time.Report_employee.tearDown(Report_employee.java:158)
at Time.Report_employee.tearDown(Report_employee.java:158)
at Time.Report_employee.tearDown(Report_employee.java:158)
at Time.Report_employee.tearDown(Report_employee.java:158)
at Time.Report_employee.tearDown(Report_employee.java:158)
at Time.Report_employee.tearDown(Report_employee.java:158)
at Time.Report_employee.tearDown(Report_employee.java:158)
at Time.Report_employee.tearDown(Report_employee.java:158)
at Time.Report_employee.tearDown(Report_employee.java:158)
at Time.Report_employee.tearDown(Report_employee.java:158)
at Time.Report_employee.tearDown(Report_employee.java:158)
at Time.Report_employee.tearDown(Report_employee.java:158)
at Time.Report_employee.tearDown(Report_employee.java:158)
at Time.Report_employee.tearDown(Report_employee.java:158)
at Time.Report_employee.tearDown(Report_employee.java:158)
at Time.Report_employee.tearDown(Report_employee.java:158)
at Time.Report_employee.tearDown(Report_employee.java:158)
at Time.Report_employee.tearDown(Report_employee.java:158)
at Time.Report_employee.tearDown(Report_employee.java:158)
at Time.Report_employee.tearDown(Report_employee.java:158)
at Time.Report_employee.tearDown(Report_employee.java:158)
at Time.Report_employee.tearDown(Report_employee.java:158)
at Time.Report_employee.tearDown(Report_employee.java:158)
at Time.Report_employee.tearDown(Report_employee.java:158)
at Time.Report_employee.tearDown(Report_employee.java:158)
at Time.Report_employee.tearDown(Report_employee.java:158)
at Time.Report_employee.tearDown(Report_employee.java:158)
at Time.Report_employee.tearDown(Report_employee.java:158)
at Time.Report_employee.tearDown(Report_employee.java:158)
at Time.Report_employee.tearDown(Report_employee.java:158)
at Time.Report_employee.tearDown(Report_employee.java:158)
at Time.Report_employee.tearDown(Report_employee.java:158)
at Time.Report_employee.tearDown(Report_employee.java:158)
at Time.Report_employee.tearDown(Report_employee.java:158)
at Time.Report_employee.tearDown(Report_employee.java:158)
at Time.Report_employee.tearDown(Report_employee.java:158)
at Time.Report_employee.tearDown(Report_employee.java:158)
at Time.Report_employee.tearDown(Report_employee.java:158)
at Time.Report_employee.tearDown(Report_employee.java:158)
at Time.Report_employee.tearDown(Report_employee.java:158)
at Time.Report_employee.tearDown(Report_employee.java:158)
at Time.Report_employee.tearDown(Report_employee.java:158)
at Time.Report_employee.tearDown(Report_employee.java:158)
at Time.Report_employee.tearDown(Report_employee.java:158)
at Time.Report_employee.tearDown(Report_employee.java:158)
at Time.Report_employee.tearDown(Report_employee.java:158)
at Time.Report_employee.tearDown(Report_employee.java:158)
at Time.Report_employee.tearDown(Report_employee.java:158)
at Time.Report_employee.tearDown(Report_employee.java:158)
at Time.Report_employee.tearDown(Report_employee.java:158)
at Time.Report_employee.tearDown(Report_employee.java:158)
at Time.Report_employee.tearDown(Report_employee.java:158)
at Time.Report_employee.tearDown(Report_employee.java:158)
at Time.Report_employee.tearDown(Report_employee.java:158)
at Time.Report_employee.tearDown(Report_employee.java:158)
at Time.Report_employee.tearDown(Report_employee.java:158)
at Time.Report_employee.tearDown(Report_employee.java:158)
at Time.Report_employee.tearDown(Report_employee.java:158)
at Time.Report_employee.tearDown(Report_employee.java:158)
at Time.Report_employee.tearDown(Report_employee.java:158)
at Time.Report_employee.tearDown(Report_employee.java:158)
at Time.Report_employee.tearDown(Report_employee.java:158)
at Time.Report_employee.tearDown(Report_employee.java:158)
at Time.Report_employee.tearDown(Report_employee.java:158)
at Time.Report_employee.tearDown(Report_employee.java:158)
at Time.Report_employee.tearDown(Report_employee.java:158)
at Time.Report_employee.tearDown(Report_employee.java:158)
at Time.Report_employee.tearDown(Report_employee.java:158)
at Time.Report_employee.tearDown(Report_employee.java:158)
at Time.Report_employee.tearDown(Report_employee.java:158)
at Time.Report_employee.tearDown(Report_employee.java:158)
at Time.Report_employee.tearDown(Report_employee.java:158)
at Time.Report_employee.tearDown(Report_employee.java:158)
at Time.Report_employee.tearDown(Report_employee.java:158)
at Time.Report_employee.tearDown(Report_employee.java:158)
at Time.Report_employee.tearDown(Report_employee.java:158)
at Time.Report_employee.tearDown(Report_employee.java:158)
at Time.Report_employee.tearDown(Report_employee.java:158)
at Time.Report_employee.tearDown(Report_employee.java:158)
at Time.Report_employee.tearDown(Report_employee.java:158)
at Time.Report_employee.tearDown(Report_employee.java:158)
at Time.Report_employee.tearDown(Report_employee.java:158)
at Time.Report_employee.tearDown(Report_employee.java:158)
at Time.Report_employee.tearDown(Report_employee.java:158)
at Time.Report_employee.tearDown(Report_employee.java:158)
at Time.Report_employee.tearDown(Report_employee.java:158)
at Time.Report_employee.tearDown(Report_employee.java:158)
at Time.Report_employee.tearDown(Report_employee.java:158)
at Time.Report_employee.tearDown(Report_employee.java:158)
at Time.Report_employee.tearDown(Report_employee.java:158)
at Time.Report_employee.tearDown(Report_employee.java:158)
at Time.Report_employee.tearDown(Report_employee.java:158)
at Time.Report_employee.tearDown(Report_employee.java:158)
at Time.Report_employee.tearDown(Report_employee.java:158)
at Time.Report_employee.tearDown(Report_employee.java:158)
at Time.Report_employee.tearDown(Report_employee.java:158)
at Time.Report_employee.tearDown(Report_employee.java:158)
at Time.Report_employee.tearDown(Report_employee.java:158)
at Time.Report_employee.tearDown(Report_employee.java:158)
at Time.Report_employee.tearDown(Report_employee.java:158)
at Time.Report_employee.tearDown(Report_employee.java:158)
at Time.Report_employee.tearDown(Report_employee.java:158)
at Time.Report_employee.tearDown(Report_employee.java:158)
at Time.Report_employee.tearDown(Report_employee.java:158)
at Time.Report_employee.tearDown(Report_employee.java:158)
at Time.Report_employee.tearDown(Report_employee.java:158)
at Time.Report_employee.tearDown(Report_employee.java:158)
at Time.Report_employee.tearDown(Report_employee.java:158)
at Time.Report_employee.tearDown(Report_employee.java:158)
at Time.Report_employee.tearDown(Report_employee.java:158)
at Time.Report_employee.tearDown(Report_employee.java:158)
at Time.Report_employee.tearDown(Report_employee.java:158)
at Time.Report_employee.tearDown(Report_employee.java:158)
at Time.Report_employee.tearDown(Report_employee.java:158)
at Time.Report_employee.tearDown(Report_employee.java:158)
at Time.Report_employee.tearDown(Report_employee.java:158)
at Time.Report_employee.tearDown(Report_employee.java:158)
at Time.Report_employee.tearDown(Report_employee.java:158)
at Time.Report_employee.tearDown(Report_employee.java:158)
at Time.Report_employee.tearDown(Report_employee.java:158)
at Time.Report_employee.tearDown(Report_employee.java:158)
at Time.Report_employee.tearDown(Report_employee.java:158)
at Time.Report_employee.tearDown(Report_employee.java:158)
at Time.Report_employee.tearDown(Report_employee.java:158)
at Time.Report_employee.tearDown(Report_employee.java:158)
at Time.Report_employee.tearDown(Report_employee.java:158)
at Time.Report_employee.tearDown(Report_employee.java:158)
at Time.Report_employee.tearDown(Report_employee.java:158)
at Time.Report_employee.tearDown(Report_employee.java:158)
at Time.Report_employee.tearDown(Report_employee.java:158)
at Time.Report_employee.tearDown(Report_employee.java:158)
at Time.Report_employee.tearDown(Report_employee.java:158)
at Time.Report_employee.tearDown(Report_employee.java:158)
at Time.Report_employee.tearDown(Report_employee.java:158)
at Time.Report_employee.tearDown(Report_employee.java:158)
at Time.Report_employee.tearDown(Report_employee.java:158)
at Time.Report_employee.tearDown(Report_employee.java:158)
at Time.Report_employee.tearDown(Report_employee.java:158)
at Time.Report_employee.tearDown(Report_employee.java:158)
at Time.Report_employee.tearDown(Report_employee.java:158)
at Time.Report_employee.tearDown(Report_employee.java:158)
at Time.Report_employee.tearDown(Report_employee.java:158)
at Time.Report_employee.tearDown(Report_employee.java:158)
at Time.Report_employee.tearDown(Report_employee.java:158)
at Time.Report_employee.tearDown(Report_employee.java:158)
at Time.Report_employee.tearDown(Report_employee.java:158)
at Time.Report_employee.tearDown(Report_employee.java:158)
at Time.Report_employee.tearDown(Report_employee.java:158)
at Time.Report_employee.tearDown(Report_employee.java:158)
at Time.Report_employee.tearDown(Report_employee.java:158)
at Time.Report_employee.tearDown(Report_employee.java:158)
at Time.Report_employee.tearDown(Report_employee.java:158)
at Time.Report_employee.tearDown(Report_employee.java:158)
at Time.Report_employee.tearDown(Report_employee.java:158)
at Time.Report_employee.tearDown(Report_employee.java:158)
at Time.Report_employee.tearDown(Report_employee.java:158)
at Time.Report_employee.tearDown(Report_employee.java:158)
at Time.Report_employee.tearDown(Report_employee.java:158)
at Time.Report_employee.tearDown(Report_employee.java:158)
at Time.Report_employee.tearDown(Report_employee.java:158)
at Time.Report_employee.tearDown(Report_employee.java:158)
at Time.Report_employee.tearDown(Report_employee.java:158)
at Time.Report_employee.tearDown(Report_employee.java:158)
at Time.Report_employee.tearDown(Report_employee.java:158)
at Time.Report_employee.tearDown(Report_employee.java:158)
at Time.Report_employee.tearDown(Report_employee.java:158)
at Time.Report_employee.tearDown(Report_employee.java:158)
at Time.Report_employee.tearDown(Report_employee.java:158)
at Time.Report_employee.tearDown(Report_employee.java:158)
]]>
    </error>
  </testcase> <!-- tearDown -->
  <testcase classname="Time.Report_employee" name="fillEmployeeReportForm" time="0.680">
    <error message="no such element: Unable to locate element: {&quot;method&quot;:&quot;xpath&quot;,&quot;selector&quot;:&quot;(//input[@placeholder=&#039;Type for hints...&#039;])[2]&quot;}
  (Session info: chrome=146.0.7680.180)
For documentation on this error, please visit: https://www.selenium.dev/documentation/webdriver/troubleshooting/errors#no-such-element-exception
Build info: version: &#039;4.18.1&#039;, revision: &#039;b1d3319b48&#039;
System info: os.name: &#039;Windows 11&#039;, os.arch: &#039;amd64&#039;, os.version: &#039;10.0&#039;, java.version: &#039;21.0.9&#039;
Driver info: org.openqa.selenium.chrome.ChromeDriver
Command: [f027f613e02cdc88c7461d024e4f1789, findElement {value=(//input[@placeholder=&#039;Type for hints...&#039;])[2], using=xpath}]
Capabilities {acceptInsecureCerts: false, browserName: chrome, browserVersion: 146.0.7680.180, chrome: {chromedriverVersion: 146.0.7680.165 (4b989da09e1..., userDataDir: C:\Users\user\AppData\Local...}, fedcm:accounts: true, goog:chromeOptions: {debuggerAddress: localhost:51580}, goog:processID: 23000, networkConnectionEnabled: false, pageLoadStrategy: normal, platformName: windows, proxy: Proxy(), se:cdp: ws://localhost:51580/devtoo..., se:cdpVersion: 146.0.7680.180, setWindowRect: true, strictFileInteractability: false, timeouts: {implicit: 0, pageLoad: 300000, script: 30000}, unhandledPromptBehavior: dismiss and notify, webauthn:extension:credBlob: true, webauthn:extension:largeBlob: true, webauthn:extension:minPinLength: true, webauthn:extension:prf: true, webauthn:virtualAuthenticators: true}
Session ID: f027f613e02cdc88c7461d024e4f1789" type="org.openqa.selenium.NoSuchElementException">
      <![CDATA[org.openqa.selenium.NoSuchElementException: no such element: Unable to locate element: {"method":"xpath","selector":"(//input[@placeholder='Type for hints...'])[2]"}
  (Session info: chrome=146.0.7680.180)
For documentation on this error, please visit: https://www.selenium.dev/documentation/webdriver/troubleshooting/errors#no-such-element-exception
Build info: version: '4.18.1', revision: 'b1d3319b48'
System info: os.name: 'Windows 11', os.arch: 'amd64', os.version: '10.0', java.version: '21.0.9'
Driver info: org.openqa.selenium.chrome.ChromeDriver
Command: [f027f613e02cdc88c7461d024e4f1789, findElement {value=(//input[@placeholder='Type for hints...'])[2], using=xpath}]
Capabilities {acceptInsecureCerts: false, browserName: chrome, browserVersion: 146.0.7680.180, chrome: {chromedriverVersion: 146.0.7680.165 (4b989da09e1..., userDataDir: C:\Users\user\AppData\Local...}, fedcm:accounts: true, goog:chromeOptions: {debuggerAddress: localhost:51580}, goog:processID: 23000, networkConnectionEnabled: false, pageLoadStrategy: normal, platformName: windows, proxy: Proxy(), se:cdp: ws://localhost:51580/devtoo..., se:cdpVersion: 146.0.7680.180, setWindowRect: true, strictFileInteractability: false, timeouts: {implicit: 0, pageLoad: 300000, script: 30000}, unhandledPromptBehavior: dismiss and notify, webauthn:extension:credBlob: true, webauthn:extension:largeBlob: true, webauthn:extension:minPinLength: true, webauthn:extension:prf: true, webauthn:virtualAuthenticators: true}
Session ID: f027f613e02cdc88c7461d024e4f1789
at java.base/jdk.internal.reflect.DirectConstructorHandleAccessor.newInstance(DirectConstructorHandleAccessor.java:62)
at java.base/java.lang.reflect.Constructor.newInstanceWithCaller(Constructor.java:502)
at java.base/java.lang.reflect.Constructor.newInstance(Constructor.java:486)
at org.openqa.selenium.remote.ErrorCodec.decode(ErrorCodec.java:167)
at org.openqa.selenium.remote.codec.w3c.W3CHttpResponseCodec.decode(W3CHttpResponseCodec.java:138)
at org.openqa.selenium.remote.codec.w3c.W3CHttpResponseCodec.decode(W3CHttpResponseCodec.java:50)
at org.openqa.selenium.remote.HttpCommandExecutor.execute(HttpCommandExecutor.java:190)
at org.openqa.selenium.remote.service.DriverCommandExecutor.invokeExecute(DriverCommandExecutor.java:216)
at org.openqa.selenium.remote.service.DriverCommandExecutor.execute(DriverCommandExecutor.java:174)
at org.openqa.selenium.remote.RemoteWebDriver.execute(RemoteWebDriver.java:519)
at org.openqa.selenium.remote.ElementLocation$ElementFinder$2.findElement(ElementLocation.java:165)
at org.openqa.selenium.remote.ElementLocation.findElement(ElementLocation.java:59)
at org.openqa.selenium.remote.RemoteWebDriver.findElement(RemoteWebDriver.java:356)
at org.openqa.selenium.remote.RemoteWebDriver.findElement(RemoteWebDriver.java:350)
at Time.Report_employee.fillEmployeeReportForm(Report_employee.java:77)
at java.base/jdk.internal.reflect.DirectMethodHandleAccessor.invoke(DirectMethodHandleAccessor.java:103)
at java.base/java.lang.reflect.Method.invoke(Method.java:580)
at org.testng.internal.invokers.MethodInvocationHelper.invokeMethod(MethodInvocationHelper.java:141)
at org.testng.internal.invokers.TestInvoker.invokeMethod(TestInvoker.java:686)
at org.testng.internal.invokers.TestInvoker.invokeTestMethod(TestInvoker.java:230)
at org.testng.internal.invokers.MethodRunner.runInSequence(MethodRunner.java:63)
at org.testng.internal.invokers.TestInvoker$MethodInvocationAgent.invoke(TestInvoker.java:992)
at org.testng.internal.invokers.TestInvoker.invokeTestMethods(TestInvoker.java:203)
at org.testng.internal.invokers.TestMethodWorker.invokeTestMethods(TestMethodWorker.java:154)
at org.testng.internal.invokers.TestMethodWorker.run(TestMethodWorker.java:134)
at java.base/java.util.ArrayList.forEach(ArrayList.java:1596)
at org.testng.TestRunner.privateRun(TestRunner.java:739)
at org.testng.TestRunner.run(TestRunner.java:614)
at org.testng.SuiteRunner.runTest(SuiteRunner.java:421)
at org.testng.SuiteRunner.runSequentially(SuiteRunner.java:413)
at org.testng.SuiteRunner.privateRun(SuiteRunner.java:373)
at org.testng.SuiteRunner.run(SuiteRunner.java:312)
at org.testng.SuiteRunnerWorker.runSuite(SuiteRunnerWorker.java:52)
at org.testng.SuiteRunnerWorker.run(SuiteRunnerWorker.java:95)
at org.testng.TestNG.runSuitesSequentially(TestNG.java:1274)
at org.testng.TestNG.runSuitesLocally(TestNG.java:1208)
at org.testng.TestNG.runSuites(TestNG.java:1112)
at org.testng.TestNG.run(TestNG.java:1079)
at org.testng.remote.AbstractRemoteTestNG.run(AbstractRemoteTestNG.java:115)
at org.testng.remote.RemoteTestNG.initAndRun(RemoteTestNG.java:293)
at org.testng.remote.RemoteTestNG.main(RemoteTestNG.java:91)
]]>
    </error>
  </testcase> <!-- fillEmployeeReportForm -->
  <testcase classname="Time.Report_employee" name="clickViewAndValidate" time="20.136">
    <error message="Expected condition failed: waiting for element to be clickable: By.xpath: //button[.//span[text()=&#039;View&#039;]] (tried for 20 second(s) with 500 milliseconds interval)
Build info: version: &#039;4.18.1&#039;, revision: &#039;b1d3319b48&#039;
System info: os.name: &#039;Windows 11&#039;, os.arch: &#039;amd64&#039;, os.version: &#039;10.0&#039;, java.version: &#039;21.0.9&#039;
Driver info: org.openqa.selenium.chrome.ChromeDriver
Capabilities {acceptInsecureCerts: false, browserName: chrome, browserVersion: 146.0.7680.180, chrome: {chromedriverVersion: 146.0.7680.165 (4b989da09e1..., userDataDir: C:\Users\user\AppData\Local...}, fedcm:accounts: true, goog:chromeOptions: {debuggerAddress: localhost:51580}, goog:processID: 23000, networkConnectionEnabled: false, pageLoadStrategy: normal, platformName: windows, proxy: Proxy(), se:cdp: ws://localhost:51580/devtoo..., se:cdpVersion: 146.0.7680.180, setWindowRect: true, strictFileInteractability: false, timeouts: {implicit: 0, pageLoad: 300000, script: 30000}, unhandledPromptBehavior: dismiss and notify, webauthn:extension:credBlob: true, webauthn:extension:largeBlob: true, webauthn:extension:minPinLength: true, webauthn:extension:prf: true, webauthn:virtualAuthenticators: true}
Session ID: f027f613e02cdc88c7461d024e4f1789" type="org.openqa.selenium.TimeoutException">
      <![CDATA[org.openqa.selenium.TimeoutException: Expected condition failed: waiting for element to be clickable: By.xpath: //button[.//span[text()='View']] (tried for 20 second(s) with 500 milliseconds interval)
Build info: version: '4.18.1', revision: 'b1d3319b48'
System info: os.name: 'Windows 11', os.arch: 'amd64', os.version: '10.0', java.version: '21.0.9'
Driver info: org.openqa.selenium.chrome.ChromeDriver
Capabilities {acceptInsecureCerts: false, browserName: chrome, browserVersion: 146.0.7680.180, chrome: {chromedriverVersion: 146.0.7680.165 (4b989da09e1..., userDataDir: C:\Users\user\AppData\Local...}, fedcm:accounts: true, goog:chromeOptions: {debuggerAddress: localhost:51580}, goog:processID: 23000, networkConnectionEnabled: false, pageLoadStrategy: normal, platformName: windows, proxy: Proxy(), se:cdp: ws://localhost:51580/devtoo..., se:cdpVersion: 146.0.7680.180, setWindowRect: true, strictFileInteractability: false, timeouts: {implicit: 0, pageLoad: 300000, script: 30000}, unhandledPromptBehavior: dismiss and notify, webauthn:extension:credBlob: true, webauthn:extension:largeBlob: true, webauthn:extension:minPinLength: true, webauthn:extension:prf: true, webauthn:virtualAuthenticators: true}
Session ID: f027f613e02cdc88c7461d024e4f1789
at org.openqa.selenium.support.ui.WebDriverWait.timeoutException(WebDriverWait.java:84)
at org.openqa.selenium.support.ui.FluentWait.until(FluentWait.java:228)
at Time.Report_employee.clickViewAndValidate(Report_employee.java:118)
at java.base/jdk.internal.reflect.DirectMethodHandleAccessor.invoke(DirectMethodHandleAccessor.java:103)
at java.base/java.lang.reflect.Method.invoke(Method.java:580)
at org.testng.internal.invokers.MethodInvocationHelper.invokeMethod(MethodInvocationHelper.java:141)
at org.testng.internal.invokers.TestInvoker.invokeMethod(TestInvoker.java:686)
at org.testng.internal.invokers.TestInvoker.invokeTestMethod(TestInvoker.java:230)
at org.testng.internal.invokers.MethodRunner.runInSequence(MethodRunner.java:63)
at org.testng.internal.invokers.TestInvoker$MethodInvocationAgent.invoke(TestInvoker.java:992)
at org.testng.internal.invokers.TestInvoker.invokeTestMethods(TestInvoker.java:203)
at org.testng.internal.invokers.TestMethodWorker.invokeTestMethods(TestMethodWorker.java:154)
at org.testng.internal.invokers.TestMethodWorker.run(TestMethodWorker.java:134)
at java.base/java.util.ArrayList.forEach(ArrayList.java:1596)
at org.testng.TestRunner.privateRun(TestRunner.java:739)
at org.testng.TestRunner.run(TestRunner.java:614)
at org.testng.SuiteRunner.runTest(SuiteRunner.java:421)
at org.testng.SuiteRunner.runSequentially(SuiteRunner.java:413)
at org.testng.SuiteRunner.privateRun(SuiteRunner.java:373)
at org.testng.SuiteRunner.run(SuiteRunner.java:312)
at org.testng.SuiteRunnerWorker.runSuite(SuiteRunnerWorker.java:52)
at org.testng.SuiteRunnerWorker.run(SuiteRunnerWorker.java:95)
at org.testng.TestNG.runSuitesSequentially(TestNG.java:1274)
at org.testng.TestNG.runSuitesLocally(TestNG.java:1208)
at org.testng.TestNG.runSuites(TestNG.java:1112)
at org.testng.TestNG.run(TestNG.java:1079)
at org.testng.remote.AbstractRemoteTestNG.run(AbstractRemoteTestNG.java:115)
at org.testng.remote.RemoteTestNG.initAndRun(RemoteTestNG.java:293)
at org.testng.remote.RemoteTestNG.main(RemoteTestNG.java:91)
]]>
    </error>
  </testcase> <!-- clickViewAndValidate -->
  <testcase classname="Time.Report_employee" name="negativeTestEmptyEmployeeName" time="20.740">
    <error message="Expected condition failed: waiting for visibility of element located by By.xpath: (//input[@placeholder=&#039;Type for hints...&#039;])[2] (tried for 20 second(s) with 500 milliseconds interval)" type="org.openqa.selenium.TimeoutException">
      <![CDATA[org.openqa.selenium.TimeoutException: Expected condition failed: waiting for visibility of element located by By.xpath: (//input[@placeholder='Type for hints...'])[2] (tried for 20 second(s) with 500 milliseconds interval)
at org.openqa.selenium.support.ui.WebDriverWait.timeoutException(WebDriverWait.java:84)
at org.openqa.selenium.support.ui.FluentWait.until(FluentWait.java:228)
at Time.Report_employee.negativeTestEmptyEmployeeName(Report_employee.java:138)
at java.base/jdk.internal.reflect.DirectMethodHandleAccessor.invoke(DirectMethodHandleAccessor.java:103)
at java.base/java.lang.reflect.Method.invoke(Method.java:580)
at org.testng.internal.invokers.MethodInvocationHelper.invokeMethod(MethodInvocationHelper.java:141)
at org.testng.internal.invokers.TestInvoker.invokeMethod(TestInvoker.java:686)
at org.testng.internal.invokers.TestInvoker.invokeTestMethod(TestInvoker.java:230)
at org.testng.internal.invokers.MethodRunner.runInSequence(MethodRunner.java:63)
at org.testng.internal.invokers.TestInvoker$MethodInvocationAgent.invoke(TestInvoker.java:992)
at org.testng.internal.invokers.TestInvoker.invokeTestMethods(TestInvoker.java:203)
at org.testng.internal.invokers.TestMethodWorker.invokeTestMethods(TestMethodWorker.java:154)
at org.testng.internal.invokers.TestMethodWorker.run(TestMethodWorker.java:134)
at java.base/java.util.ArrayList.forEach(ArrayList.java:1596)
at org.testng.TestRunner.privateRun(TestRunner.java:739)
at org.testng.TestRunner.run(TestRunner.java:614)
at org.testng.SuiteRunner.runTest(SuiteRunner.java:421)
at org.testng.SuiteRunner.runSequentially(SuiteRunner.java:413)
at org.testng.SuiteRunner.privateRun(SuiteRunner.java:373)
at org.testng.SuiteRunner.run(SuiteRunner.java:312)
at org.testng.SuiteRunnerWorker.runSuite(SuiteRunnerWorker.java:52)
at org.testng.SuiteRunnerWorker.run(SuiteRunnerWorker.java:95)
at org.testng.TestNG.runSuitesSequentially(TestNG.java:1274)
at org.testng.TestNG.runSuitesLocally(TestNG.java:1208)
at org.testng.TestNG.runSuites(TestNG.java:1112)
at org.testng.TestNG.run(TestNG.java:1079)
at org.testng.remote.AbstractRemoteTestNG.run(AbstractRemoteTestNG.java:115)
at org.testng.remote.RemoteTestNG.initAndRun(RemoteTestNG.java:293)
at org.testng.remote.RemoteTestNG.main(RemoteTestNG.java:91)
Caused by: org.openqa.selenium.NoSuchWindowException: no such window: target window already closed
from unknown error: web view not found
  (Session info: chrome=146.0.7680.180)
Build info: version: '4.18.1', revision: 'b1d3319b48'
System info: os.name: 'Windows 11', os.arch: 'amd64', os.version: '10.0', java.version: '21.0.9'
Driver info: org.openqa.selenium.chrome.ChromeDriver
Command: [f027f613e02cdc88c7461d024e4f1789, findElement {value=(//input[@placeholder='Type for hints...'])[2], using=xpath}]
Capabilities {acceptInsecureCerts: false, browserName: chrome, browserVersion: 146.0.7680.180, chrome: {chromedriverVersion: 146.0.7680.165 (4b989da09e1..., userDataDir: C:\Users\user\AppData\Local...}, fedcm:accounts: true, goog:chromeOptions: {debuggerAddress: localhost:51580}, goog:processID: 23000, networkConnectionEnabled: false, pageLoadStrategy: normal, platformName: windows, proxy: Proxy(), se:cdp: ws://localhost:51580/devtoo..., se:cdpVersion: 146.0.7680.180, setWindowRect: true, strictFileInteractability: false, timeouts: {implicit: 0, pageLoad: 300000, script: 30000}, unhandledPromptBehavior: dismiss and notify, webauthn:extension:credBlob: true, webauthn:extension:largeBlob: true, webauthn:extension:minPinLength: true, webauthn:extension:prf: true, webauthn:virtualAuthenticators: true}
Session ID: f027f613e02cdc88c7461d024e4f1789
at java.base/jdk.internal.reflect.DirectConstructorHandleAccessor.newInstance(DirectConstructorHandleAccessor.java:62)
at java.base/java.lang.reflect.Constructor.newInstanceWithCaller(Constructor.java:502)
at java.base/java.lang.reflect.Constructor.newInstance(Constructor.java:486)
at org.openqa.selenium.remote.ErrorCodec.decode(ErrorCodec.java:167)
at org.openqa.selenium.remote.codec.w3c.W3CHttpResponseCodec.decode(W3CHttpResponseCodec.java:138)
at org.openqa.selenium.remote.codec.w3c.W3CHttpResponseCodec.decode(W3CHttpResponseCodec.java:50)
at org.openqa.selenium.remote.HttpCommandExecutor.execute(HttpCommandExecutor.java:190)
at org.openqa.selenium.remote.service.DriverCommandExecutor.invokeExecute(DriverCommandExecutor.java:216)
at org.openqa.selenium.remote.service.DriverCommandExecutor.execute(DriverCommandExecutor.java:174)
at org.openqa.selenium.remote.RemoteWebDriver.execute(RemoteWebDriver.java:519)
at org.openqa.selenium.remote.ElementLocation$ElementFinder$2.findElement(ElementLocation.java:165)
at org.openqa.selenium.remote.ElementLocation.findElement(ElementLocation.java:59)
at org.openqa.selenium.remote.RemoteWebDriver.findElement(RemoteWebDriver.java:356)
at org.openqa.selenium.remote.RemoteWebDriver.findElement(RemoteWebDriver.java:350)
at org.openqa.selenium.support.ui.ExpectedConditions$7.apply(ExpectedConditions.java:194)
at org.openqa.selenium.support.ui.ExpectedConditions$7.apply(ExpectedConditions.java:190)
at org.openqa.selenium.support.ui.FluentWait.until(FluentWait.java:203)
... 27 more
]]>
    </error>
  </testcase> <!-- negativeTestEmptyEmployeeName -->
</testsuite> <!-- Time.Report_employee -->
