<?xml version="1.0" encoding="UTF-8"?>
<!-- Generated by org.testng.reporters.JUnitReportReporter -->
<testsuite hostname="DESKTOP-CEBJRID" failures="0" tests="2" name="Time.Attendence_Employee_Records" time="7.243" errors="0" timestamp="2026-04-11T15:07:15 AST" skipped="0">
  <testcase classname="Time.Attendence_Employee_Records" name="fullAttendanceFlow" time="6.149"/>
  <testcase classname="Time.Attendence_Employee_Records" name="viewAllRecords" time="1.094"/>
</testsuite> <!-- Time.Attendence_Employee_Records -->
