<?xml version="1.0" encoding="UTF-8"?>
<!-- Generated by org.testng.reporters.JUnitReportReporter -->
<testsuite hostname="DESKTOP-CEBJRID" failures="0" tests="4" name="Admin.Job_managment" time="17.340" errors="0" timestamp="2026-04-05T12:22:37 AST" skipped="0">
  <testcase classname="Admin.Job_managment" name="addJobTitle" time="7.629"/>
  <testcase classname="Admin.Job_managment" name="editJobTitle" time="1.149"/>
  <testcase classname="Admin.Job_managment" name="editfunction" time="1.737"/>
  <testcase classname="Admin.Job_managment" name="deleteJobTitle" time="6.825"/>
</testsuite> <!-- Admin.Job_managment -->
