<?xml version="1.0" encoding="UTF-8"?>
<!-- Generated by org.testng.reporters.JUnitReportReporter -->
<testsuite hostname="DESKTOP-CEBJRID" failures="0" tests="3" name="PIM.Report_search" time="0.760" errors="1" timestamp="2026-04-16T12:25:12 AST" skipped="0">
  <testcase classname="PIM.Report_search" name="tearDown" time="0.013">
    <error type="java.lang.StackOverflowError">
      <![CDATA[java.lang.StackOverflowError
at PIM.Report_search.tearDown(Report_search.java:84)
at PIM.Report_search.tearDown(Report_search.java:84)
at PIM.Report_search.tearDown(Report_search.java:84)
at PIM.Report_search.tearDown(Report_search.java:84)
at PIM.Report_search.tearDown(Report_search.java:84)
at PIM.Report_search.tearDown(Report_search.java:84)
at PIM.Report_search.tearDown(Report_search.java:84)
at PIM.Report_search.tearDown(Report_search.java:84)
at PIM.Report_search.tearDown(Report_search.java:84)
at PIM.Report_search.tearDown(Report_search.java:84)
at PIM.Report_search.tearDown(Report_search.java:84)
at PIM.Report_search.tearDown(Report_search.java:84)
at PIM.Report_search.tearDown(Report_search.java:84)
at PIM.Report_search.tearDown(Report_search.java:84)
at PIM.Report_search.tearDown(Report_search.java:84)
at PIM.Report_search.tearDown(Report_search.java:84)
at PIM.Report_search.tearDown(Report_search.java:84)
at PIM.Report_search.tearDown(Report_search.java:84)
at PIM.Report_search.tearDown(Report_search.java:84)
at PIM.Report_search.tearDown(Report_search.java:84)
at PIM.Report_search.tearDown(Report_search.java:84)
at PIM.Report_search.tearDown(Report_search.java:84)
at PIM.Report_search.tearDown(Report_search.java:84)
at PIM.Report_search.tearDown(Report_search.java:84)
at PIM.Report_search.tearDown(Report_search.java:84)
at PIM.Report_search.tearDown(Report_search.java:84)
at PIM.Report_search.tearDown(Report_search.java:84)
at PIM.Report_search.tearDown(Report_search.java:84)
at PIM.Report_search.tearDown(Report_search.java:84)
at PIM.Report_search.tearDown(Report_search.java:84)
at PIM.Report_search.tearDown(Report_search.java:84)
at PIM.Report_search.tearDown(Report_search.java:84)
at PIM.Report_search.tearDown(Report_search.java:84)
at PIM.Report_search.tearDown(Report_search.java:84)
at PIM.Report_search.tearDown(Report_search.java:84)
at PIM.Report_search.tearDown(Report_search.java:84)
at PIM.Report_search.tearDown(Report_search.java:84)
at PIM.Report_search.tearDown(Report_search.java:84)
at PIM.Report_search.tearDown(Report_search.java:84)
at PIM.Report_search.tearDown(Report_search.java:84)
at PIM.Report_search.tearDown(Report_search.java:84)
at PIM.Report_search.tearDown(Report_search.java:84)
at PIM.Report_search.tearDown(Report_search.java:84)
at PIM.Report_search.tearDown(Report_search.java:84)
at PIM.Report_search.tearDown(Report_search.java:84)
at PIM.Report_search.tearDown(Report_search.java:84)
at PIM.Report_search.tearDown(Report_search.java:84)
at PIM.Report_search.tearDown(Report_search.java:84)
at PIM.Report_search.tearDown(Report_search.java:84)
at PIM.Report_search.tearDown(Report_search.java:84)
at PIM.Report_search.tearDown(Report_search.java:84)
at PIM.Report_search.tearDown(Report_search.java:84)
at PIM.Report_search.tearDown(Report_search.java:84)
at PIM.Report_search.tearDown(Report_search.java:84)
at PIM.Report_search.tearDown(Report_search.java:84)
at PIM.Report_search.tearDown(Report_search.java:84)
at PIM.Report_search.tearDown(Report_search.java:84)
at PIM.Report_search.tearDown(Report_search.java:84)
at PIM.Report_search.tearDown(Report_search.java:84)
at PIM.Report_search.tearDown(Report_search.java:84)
at PIM.Report_search.tearDown(Report_search.java:84)
at PIM.Report_search.tearDown(Report_search.java:84)
at PIM.Report_search.tearDown(Report_search.java:84)
at PIM.Report_search.tearDown(Report_search.java:84)
at PIM.Report_search.tearDown(Report_search.java:84)
at PIM.Report_search.tearDown(Report_search.java:84)
at PIM.Report_search.tearDown(Report_search.java:84)
at PIM.Report_search.tearDown(Report_search.java:84)
at PIM.Report_search.tearDown(Report_search.java:84)
at PIM.Report_search.tearDown(Report_search.java:84)
at PIM.Report_search.tearDown(Report_search.java:84)
at PIM.Report_search.tearDown(Report_search.java:84)
at PIM.Report_search.tearDown(Report_search.java:84)
at PIM.Report_search.tearDown(Report_search.java:84)
at PIM.Report_search.tearDown(Report_search.java:84)
at PIM.Report_search.tearDown(Report_search.java:84)
at PIM.Report_search.tearDown(Report_search.java:84)
at PIM.Report_search.tearDown(Report_search.java:84)
at PIM.Report_search.tearDown(Report_search.java:84)
at PIM.Report_search.tearDown(Report_search.java:84)
at PIM.Report_search.tearDown(Report_search.java:84)
at PIM.Report_search.tearDown(Report_search.java:84)
at PIM.Report_search.tearDown(Report_search.java:84)
at PIM.Report_search.tearDown(Report_search.java:84)
at PIM.Report_search.tearDown(Report_search.java:84)
at PIM.Report_search.tearDown(Report_search.java:84)
at PIM.Report_search.tearDown(Report_search.java:84)
at PIM.Report_search.tearDown(Report_search.java:84)
at PIM.Report_search.tearDown(Report_search.java:84)
at PIM.Report_search.tearDown(Report_search.java:84)
at PIM.Report_search.tearDown(Report_search.java:84)
at PIM.Report_search.tearDown(Report_search.java:84)
at PIM.Report_search.tearDown(Report_search.java:84)
at PIM.Report_search.tearDown(Report_search.java:84)
at PIM.Report_search.tearDown(Report_search.java:84)
at PIM.Report_search.tearDown(Report_search.java:84)
at PIM.Report_search.tearDown(Report_search.java:84)
at PIM.Report_search.tearDown(Report_search.java:84)
at PIM.Report_search.tearDown(Report_search.java:84)
at PIM.Report_search.tearDown(Report_search.java:84)
at PIM.Report_search.tearDown(Report_search.java:84)
at PIM.Report_search.tearDown(Report_search.java:84)
at PIM.Report_search.tearDown(Report_search.java:84)
at PIM.Report_search.tearDown(Report_search.java:84)
at PIM.Report_search.tearDown(Report_search.java:84)
at PIM.Report_search.tearDown(Report_search.java:84)
at PIM.Report_search.tearDown(Report_search.java:84)
at PIM.Report_search.tearDown(Report_search.java:84)
at PIM.Report_search.tearDown(Report_search.java:84)
at PIM.Report_search.tearDown(Report_search.java:84)
at PIM.Report_search.tearDown(Report_search.java:84)
at PIM.Report_search.tearDown(Report_search.java:84)
at PIM.Report_search.tearDown(Report_search.java:84)
at PIM.Report_search.tearDown(Report_search.java:84)
at PIM.Report_search.tearDown(Report_search.java:84)
at PIM.Report_search.tearDown(Report_search.java:84)
at PIM.Report_search.tearDown(Report_search.java:84)
at PIM.Report_search.tearDown(Report_search.java:84)
at PIM.Report_search.tearDown(Report_search.java:84)
at PIM.Report_search.tearDown(Report_search.java:84)
at PIM.Report_search.tearDown(Report_search.java:84)
at PIM.Report_search.tearDown(Report_search.java:84)
at PIM.Report_search.tearDown(Report_search.java:84)
at PIM.Report_search.tearDown(Report_search.java:84)
at PIM.Report_search.tearDown(Report_search.java:84)
at PIM.Report_search.tearDown(Report_search.java:84)
at PIM.Report_search.tearDown(Report_search.java:84)
at PIM.Report_search.tearDown(Report_search.java:84)
at PIM.Report_search.tearDown(Report_search.java:84)
at PIM.Report_search.tearDown(Report_search.java:84)
at PIM.Report_search.tearDown(Report_search.java:84)
at PIM.Report_search.tearDown(Report_search.java:84)
at PIM.Report_search.tearDown(Report_search.java:84)
at PIM.Report_search.tearDown(Report_search.java:84)
at PIM.Report_search.tearDown(Report_search.java:84)
at PIM.Report_search.tearDown(Report_search.java:84)
at PIM.Report_search.tearDown(Report_search.java:84)
at PIM.Report_search.tearDown(Report_search.java:84)
at PIM.Report_search.tearDown(Report_search.java:84)
at PIM.Report_search.tearDown(Report_search.java:84)
at PIM.Report_search.tearDown(Report_search.java:84)
at PIM.Report_search.tearDown(Report_search.java:84)
at PIM.Report_search.tearDown(Report_search.java:84)
at PIM.Report_search.tearDown(Report_search.java:84)
at PIM.Report_search.tearDown(Report_search.java:84)
at PIM.Report_search.tearDown(Report_search.java:84)
at PIM.Report_search.tearDown(Report_search.java:84)
at PIM.Report_search.tearDown(Report_search.java:84)
at PIM.Report_search.tearDown(Report_search.java:84)
at PIM.Report_search.tearDown(Report_search.java:84)
at PIM.Report_search.tearDown(Report_search.java:84)
at PIM.Report_search.tearDown(Report_search.java:84)
at PIM.Report_search.tearDown(Report_search.java:84)
at PIM.Report_search.tearDown(Report_search.java:84)
at PIM.Report_search.tearDown(Report_search.java:84)
at PIM.Report_search.tearDown(Report_search.java:84)
at PIM.Report_search.tearDown(Report_search.java:84)
at PIM.Report_search.tearDown(Report_search.java:84)
at PIM.Report_search.tearDown(Report_search.java:84)
at PIM.Report_search.tearDown(Report_search.java:84)
at PIM.Report_search.tearDown(Report_search.java:84)
at PIM.Report_search.tearDown(Report_search.java:84)
at PIM.Report_search.tearDown(Report_search.java:84)
at PIM.Report_search.tearDown(Report_search.java:84)
at PIM.Report_search.tearDown(Report_search.java:84)
at PIM.Report_search.tearDown(Report_search.java:84)
at PIM.Report_search.tearDown(Report_search.java:84)
at PIM.Report_search.tearDown(Report_search.java:84)
at PIM.Report_search.tearDown(Report_search.java:84)
at PIM.Report_search.tearDown(Report_search.java:84)
at PIM.Report_search.tearDown(Report_search.java:84)
at PIM.Report_search.tearDown(Report_search.java:84)
at PIM.Report_search.tearDown(Report_search.java:84)
at PIM.Report_search.tearDown(Report_search.java:84)
at PIM.Report_search.tearDown(Report_search.java:84)
at PIM.Report_search.tearDown(Report_search.java:84)
at PIM.Report_search.tearDown(Report_search.java:84)
at PIM.Report_search.tearDown(Report_search.java:84)
at PIM.Report_search.tearDown(Report_search.java:84)
at PIM.Report_search.tearDown(Report_search.java:84)
at PIM.Report_search.tearDown(Report_search.java:84)
at PIM.Report_search.tearDown(Report_search.java:84)
at PIM.Report_search.tearDown(Report_search.java:84)
at PIM.Report_search.tearDown(Report_search.java:84)
at PIM.Report_search.tearDown(Report_search.java:84)
at PIM.Report_search.tearDown(Report_search.java:84)
at PIM.Report_search.tearDown(Report_search.java:84)
at PIM.Report_search.tearDown(Report_search.java:84)
at PIM.Report_search.tearDown(Report_search.java:84)
at PIM.Report_search.tearDown(Report_search.java:84)
at PIM.Report_search.tearDown(Report_search.java:84)
at PIM.Report_search.tearDown(Report_search.java:84)
at PIM.Report_search.tearDown(Report_search.java:84)
at PIM.Report_search.tearDown(Report_search.java:84)
at PIM.Report_search.tearDown(Report_search.java:84)
at PIM.Report_search.tearDown(Report_search.java:84)
at PIM.Report_search.tearDown(Report_search.java:84)
at PIM.Report_search.tearDown(Report_search.java:84)
at PIM.Report_search.tearDown(Report_search.java:84)
at PIM.Report_search.tearDown(Report_search.java:84)
at PIM.Report_search.tearDown(Report_search.java:84)
at PIM.Report_search.tearDown(Report_search.java:84)
at PIM.Report_search.tearDown(Report_search.java:84)
at PIM.Report_search.tearDown(Report_search.java:84)
at PIM.Report_search.tearDown(Report_search.java:84)
at PIM.Report_search.tearDown(Report_search.java:84)
at PIM.Report_search.tearDown(Report_search.java:84)
at PIM.Report_search.tearDown(Report_search.java:84)
at PIM.Report_search.tearDown(Report_search.java:84)
at PIM.Report_search.tearDown(Report_search.java:84)
at PIM.Report_search.tearDown(Report_search.java:84)
at PIM.Report_search.tearDown(Report_search.java:84)
at PIM.Report_search.tearDown(Report_search.java:84)
at PIM.Report_search.tearDown(Report_search.java:84)
at PIM.Report_search.tearDown(Report_search.java:84)
at PIM.Report_search.tearDown(Report_search.java:84)
at PIM.Report_search.tearDown(Report_search.java:84)
at PIM.Report_search.tearDown(Report_search.java:84)
at PIM.Report_search.tearDown(Report_search.java:84)
at PIM.Report_search.tearDown(Report_search.java:84)
at PIM.Report_search.tearDown(Report_search.java:84)
at PIM.Report_search.tearDown(Report_search.java:84)
at PIM.Report_search.tearDown(Report_search.java:84)
at PIM.Report_search.tearDown(Report_search.java:84)
at PIM.Report_search.tearDown(Report_search.java:84)
at PIM.Report_search.tearDown(Report_search.java:84)
at PIM.Report_search.tearDown(Report_search.java:84)
at PIM.Report_search.tearDown(Report_search.java:84)
at PIM.Report_search.tearDown(Report_search.java:84)
at PIM.Report_search.tearDown(Report_search.java:84)
at PIM.Report_search.tearDown(Report_search.java:84)
at PIM.Report_search.tearDown(Report_search.java:84)
at PIM.Report_search.tearDown(Report_search.java:84)
at PIM.Report_search.tearDown(Report_search.java:84)
at PIM.Report_search.tearDown(Report_search.java:84)
at PIM.Report_search.tearDown(Report_search.java:84)
at PIM.Report_search.tearDown(Report_search.java:84)
at PIM.Report_search.tearDown(Report_search.java:84)
at PIM.Report_search.tearDown(Report_search.java:84)
at PIM.Report_search.tearDown(Report_search.java:84)
at PIM.Report_search.tearDown(Report_search.java:84)
at PIM.Report_search.tearDown(Report_search.java:84)
at PIM.Report_search.tearDown(Report_search.java:84)
at PIM.Report_search.tearDown(Report_search.java:84)
at PIM.Report_search.tearDown(Report_search.java:84)
at PIM.Report_search.tearDown(Report_search.java:84)
at PIM.Report_search.tearDown(Report_search.java:84)
at PIM.Report_search.tearDown(Report_search.java:84)
at PIM.Report_search.tearDown(Report_search.java:84)
at PIM.Report_search.tearDown(Report_search.java:84)
at PIM.Report_search.tearDown(Report_search.java:84)
at PIM.Report_search.tearDown(Report_search.java:84)
at PIM.Report_search.tearDown(Report_search.java:84)
at PIM.Report_search.tearDown(Report_search.java:84)
at PIM.Report_search.tearDown(Report_search.java:84)
at PIM.Report_search.tearDown(Report_search.java:84)
at PIM.Report_search.tearDown(Report_search.java:84)
at PIM.Report_search.tearDown(Report_search.java:84)
at PIM.Report_search.tearDown(Report_search.java:84)
at PIM.Report_search.tearDown(Report_search.java:84)
at PIM.Report_search.tearDown(Report_search.java:84)
at PIM.Report_search.tearDown(Report_search.java:84)
at PIM.Report_search.tearDown(Report_search.java:84)
at PIM.Report_search.tearDown(Report_search.java:84)
at PIM.Report_search.tearDown(Report_search.java:84)
at PIM.Report_search.tearDown(Report_search.java:84)
at PIM.Report_search.tearDown(Report_search.java:84)
at PIM.Report_search.tearDown(Report_search.java:84)
at PIM.Report_search.tearDown(Report_search.java:84)
at PIM.Report_search.tearDown(Report_search.java:84)
at PIM.Report_search.tearDown(Report_search.java:84)
at PIM.Report_search.tearDown(Report_search.java:84)
at PIM.Report_search.tearDown(Report_search.java:84)
at PIM.Report_search.tearDown(Report_search.java:84)
at PIM.Report_search.tearDown(Report_search.java:84)
at PIM.Report_search.tearDown(Report_search.java:84)
at PIM.Report_search.tearDown(Report_search.java:84)
at PIM.Report_search.tearDown(Report_search.java:84)
at PIM.Report_search.tearDown(Report_search.java:84)
at PIM.Report_search.tearDown(Report_search.java:84)
at PIM.Report_search.tearDown(Report_search.java:84)
at PIM.Report_search.tearDown(Report_search.java:84)
at PIM.Report_search.tearDown(Report_search.java:84)
at PIM.Report_search.tearDown(Report_search.java:84)
at PIM.Report_search.tearDown(Report_search.java:84)
at PIM.Report_search.tearDown(Report_search.java:84)
at PIM.Report_search.tearDown(Report_search.java:84)
at PIM.Report_search.tearDown(Report_search.java:84)
at PIM.Report_search.tearDown(Report_search.java:84)
at PIM.Report_search.tearDown(Report_search.java:84)
at PIM.Report_search.tearDown(Report_search.java:84)
at PIM.Report_search.tearDown(Report_search.java:84)
at PIM.Report_search.tearDown(Report_search.java:84)
at PIM.Report_search.tearDown(Report_search.java:84)
at PIM.Report_search.tearDown(Report_search.java:84)
at PIM.Report_search.tearDown(Report_search.java:84)
at PIM.Report_search.tearDown(Report_search.java:84)
at PIM.Report_search.tearDown(Report_search.java:84)
at PIM.Report_search.tearDown(Report_search.java:84)
at PIM.Report_search.tearDown(Report_search.java:84)
at PIM.Report_search.tearDown(Report_search.java:84)
at PIM.Report_search.tearDown(Report_search.java:84)
at PIM.Report_search.tearDown(Report_search.java:84)
at PIM.Report_search.tearDown(Report_search.java:84)
at PIM.Report_search.tearDown(Report_search.java:84)
at PIM.Report_search.tearDown(Report_search.java:84)
at PIM.Report_search.tearDown(Report_search.java:84)
at PIM.Report_search.tearDown(Report_search.java:84)
at PIM.Report_search.tearDown(Report_search.java:84)
at PIM.Report_search.tearDown(Report_search.java:84)
at PIM.Report_search.tearDown(Report_search.java:84)
at PIM.Report_search.tearDown(Report_search.java:84)
at PIM.Report_search.tearDown(Report_search.java:84)
at PIM.Report_search.tearDown(Report_search.java:84)
at PIM.Report_search.tearDown(Report_search.java:84)
at PIM.Report_search.tearDown(Report_search.java:84)
at PIM.Report_search.tearDown(Report_search.java:84)
at PIM.Report_search.tearDown(Report_search.java:84)
at PIM.Report_search.tearDown(Report_search.java:84)
at PIM.Report_search.tearDown(Report_search.java:84)
at PIM.Report_search.tearDown(Report_search.java:84)
at PIM.Report_search.tearDown(Report_search.java:84)
at PIM.Report_search.tearDown(Report_search.java:84)
at PIM.Report_search.tearDown(Report_search.java:84)
at PIM.Report_search.tearDown(Report_search.java:84)
at PIM.Report_search.tearDown(Report_search.java:84)
at PIM.Report_search.tearDown(Report_search.java:84)
at PIM.Report_search.tearDown(Report_search.java:84)
at PIM.Report_search.tearDown(Report_search.java:84)
at PIM.Report_search.tearDown(Report_search.java:84)
at PIM.Report_search.tearDown(Report_search.java:84)
at PIM.Report_search.tearDown(Report_search.java:84)
at PIM.Report_search.tearDown(Report_search.java:84)
at PIM.Report_search.tearDown(Report_search.java:84)
at PIM.Report_search.tearDown(Report_search.java:84)
at PIM.Report_search.tearDown(Report_search.java:84)
at PIM.Report_search.tearDown(Report_search.java:84)
at PIM.Report_search.tearDown(Report_search.java:84)
at PIM.Report_search.tearDown(Report_search.java:84)
at PIM.Report_search.tearDown(Report_search.java:84)
at PIM.Report_search.tearDown(Report_search.java:84)
at PIM.Report_search.tearDown(Report_search.java:84)
at PIM.Report_search.tearDown(Report_search.java:84)
at PIM.Report_search.tearDown(Report_search.java:84)
at PIM.Report_search.tearDown(Report_search.java:84)
at PIM.Report_search.tearDown(Report_search.java:84)
at PIM.Report_search.tearDown(Report_search.java:84)
at PIM.Report_search.tearDown(Report_search.java:84)
at PIM.Report_search.tearDown(Report_search.java:84)
at PIM.Report_search.tearDown(Report_search.java:84)
at PIM.Report_search.tearDown(Report_search.java:84)
at PIM.Report_search.tearDown(Report_search.java:84)
at PIM.Report_search.tearDown(Report_search.java:84)
at PIM.Report_search.tearDown(Report_search.java:84)
at PIM.Report_search.tearDown(Report_search.java:84)
at PIM.Report_search.tearDown(Report_search.java:84)
at PIM.Report_search.tearDown(Report_search.java:84)
at PIM.Report_search.tearDown(Report_search.java:84)
at PIM.Report_search.tearDown(Report_search.java:84)
at PIM.Report_search.tearDown(Report_search.java:84)
at PIM.Report_search.tearDown(Report_search.java:84)
at PIM.Report_search.tearDown(Report_search.java:84)
at PIM.Report_search.tearDown(Report_search.java:84)
at PIM.Report_search.tearDown(Report_search.java:84)
at PIM.Report_search.tearDown(Report_search.java:84)
at PIM.Report_search.tearDown(Report_search.java:84)
at PIM.Report_search.tearDown(Report_search.java:84)
at PIM.Report_search.tearDown(Report_search.java:84)
at PIM.Report_search.tearDown(Report_search.java:84)
at PIM.Report_search.tearDown(Report_search.java:84)
at PIM.Report_search.tearDown(Report_search.java:84)
at PIM.Report_search.tearDown(Report_search.java:84)
at PIM.Report_search.tearDown(Report_search.java:84)
at PIM.Report_search.tearDown(Report_search.java:84)
at PIM.Report_search.tearDown(Report_search.java:84)
at PIM.Report_search.tearDown(Report_search.java:84)
at PIM.Report_search.tearDown(Report_search.java:84)
at PIM.Report_search.tearDown(Report_search.java:84)
at PIM.Report_search.tearDown(Report_search.java:84)
at PIM.Report_search.tearDown(Report_search.java:84)
at PIM.Report_search.tearDown(Report_search.java:84)
at PIM.Report_search.tearDown(Report_search.java:84)
at PIM.Report_search.tearDown(Report_search.java:84)
at PIM.Report_search.tearDown(Report_search.java:84)
at PIM.Report_search.tearDown(Report_search.java:84)
at PIM.Report_search.tearDown(Report_search.java:84)
at PIM.Report_search.tearDown(Report_search.java:84)
at PIM.Report_search.tearDown(Report_search.java:84)
at PIM.Report_search.tearDown(Report_search.java:84)
at PIM.Report_search.tearDown(Report_search.java:84)
at PIM.Report_search.tearDown(Report_search.java:84)
at PIM.Report_search.tearDown(Report_search.java:84)
at PIM.Report_search.tearDown(Report_search.java:84)
at PIM.Report_search.tearDown(Report_search.java:84)
at PIM.Report_search.tearDown(Report_search.java:84)
at PIM.Report_search.tearDown(Report_search.java:84)
at PIM.Report_search.tearDown(Report_search.java:84)
at PIM.Report_search.tearDown(Report_search.java:84)
at PIM.Report_search.tearDown(Report_search.java:84)
at PIM.Report_search.tearDown(Report_search.java:84)
at PIM.Report_search.tearDown(Report_search.java:84)
at PIM.Report_search.tearDown(Report_search.java:84)
at PIM.Report_search.tearDown(Report_search.java:84)
at PIM.Report_search.tearDown(Report_search.java:84)
at PIM.Report_search.tearDown(Report_search.java:84)
at PIM.Report_search.tearDown(Report_search.java:84)
at PIM.Report_search.tearDown(Report_search.java:84)
at PIM.Report_search.tearDown(Report_search.java:84)
at PIM.Report_search.tearDown(Report_search.java:84)
at PIM.Report_search.tearDown(Report_search.java:84)
at PIM.Report_search.tearDown(Report_search.java:84)
at PIM.Report_search.tearDown(Report_search.java:84)
at PIM.Report_search.tearDown(Report_search.java:84)
at PIM.Report_search.tearDown(Report_search.java:84)
at PIM.Report_search.tearDown(Report_search.java:84)
at PIM.Report_search.tearDown(Report_search.java:84)
at PIM.Report_search.tearDown(Report_search.java:84)
at PIM.Report_search.tearDown(Report_search.java:84)
at PIM.Report_search.tearDown(Report_search.java:84)
at PIM.Report_search.tearDown(Report_search.java:84)
at PIM.Report_search.tearDown(Report_search.java:84)
at PIM.Report_search.tearDown(Report_search.java:84)
at PIM.Report_search.tearDown(Report_search.java:84)
at PIM.Report_search.tearDown(Report_search.java:84)
at PIM.Report_search.tearDown(Report_search.java:84)
at PIM.Report_search.tearDown(Report_search.java:84)
at PIM.Report_search.tearDown(Report_search.java:84)
at PIM.Report_search.tearDown(Report_search.java:84)
at PIM.Report_search.tearDown(Report_search.java:84)
at PIM.Report_search.tearDown(Report_search.java:84)
at PIM.Report_search.tearDown(Report_search.java:84)
at PIM.Report_search.tearDown(Report_search.java:84)
at PIM.Report_search.tearDown(Report_search.java:84)
at PIM.Report_search.tearDown(Report_search.java:84)
at PIM.Report_search.tearDown(Report_search.java:84)
at PIM.Report_search.tearDown(Report_search.java:84)
at PIM.Report_search.tearDown(Report_search.java:84)
at PIM.Report_search.tearDown(Report_search.java:84)
at PIM.Report_search.tearDown(Report_search.java:84)
at PIM.Report_search.tearDown(Report_search.java:84)
at PIM.Report_search.tearDown(Report_search.java:84)
at PIM.Report_search.tearDown(Report_search.java:84)
at PIM.Report_search.tearDown(Report_search.java:84)
at PIM.Report_search.tearDown(Report_search.java:84)
at PIM.Report_search.tearDown(Report_search.java:84)
at PIM.Report_search.tearDown(Report_search.java:84)
at PIM.Report_search.tearDown(Report_search.java:84)
at PIM.Report_search.tearDown(Report_search.java:84)
at PIM.Report_search.tearDown(Report_search.java:84)
at PIM.Report_search.tearDown(Report_search.java:84)
at PIM.Report_search.tearDown(Report_search.java:84)
at PIM.Report_search.tearDown(Report_search.java:84)
at PIM.Report_search.tearDown(Report_search.java:84)
at PIM.Report_search.tearDown(Report_search.java:84)
at PIM.Report_search.tearDown(Report_search.java:84)
at PIM.Report_search.tearDown(Report_search.java:84)
at PIM.Report_search.tearDown(Report_search.java:84)
at PIM.Report_search.tearDown(Report_search.java:84)
at PIM.Report_search.tearDown(Report_search.java:84)
at PIM.Report_search.tearDown(Report_search.java:84)
at PIM.Report_search.tearDown(Report_search.java:84)
at PIM.Report_search.tearDown(Report_search.java:84)
at PIM.Report_search.tearDown(Report_search.java:84)
at PIM.Report_search.tearDown(Report_search.java:84)
at PIM.Report_search.tearDown(Report_search.java:84)
at PIM.Report_search.tearDown(Report_search.java:84)
at PIM.Report_search.tearDown(Report_search.java:84)
at PIM.Report_search.tearDown(Report_search.java:84)
at PIM.Report_search.tearDown(Report_search.java:84)
at PIM.Report_search.tearDown(Report_search.java:84)
at PIM.Report_search.tearDown(Report_search.java:84)
at PIM.Report_search.tearDown(Report_search.java:84)
at PIM.Report_search.tearDown(Report_search.java:84)
at PIM.Report_search.tearDown(Report_search.java:84)
at PIM.Report_search.tearDown(Report_search.java:84)
at PIM.Report_search.tearDown(Report_search.java:84)
at PIM.Report_search.tearDown(Report_search.java:84)
at PIM.Report_search.tearDown(Report_search.java:84)
at PIM.Report_search.tearDown(Report_search.java:84)
at PIM.Report_search.tearDown(Report_search.java:84)
at PIM.Report_search.tearDown(Report_search.java:84)
at PIM.Report_search.tearDown(Report_search.java:84)
at PIM.Report_search.tearDown(Report_search.java:84)
at PIM.Report_search.tearDown(Report_search.java:84)
at PIM.Report_search.tearDown(Report_search.java:84)
at PIM.Report_search.tearDown(Report_search.java:84)
at PIM.Report_search.tearDown(Report_search.java:84)
at PIM.Report_search.tearDown(Report_search.java:84)
at PIM.Report_search.tearDown(Report_search.java:84)
at PIM.Report_search.tearDown(Report_search.java:84)
at PIM.Report_search.tearDown(Report_search.java:84)
at PIM.Report_search.tearDown(Report_search.java:84)
at PIM.Report_search.tearDown(Report_search.java:84)
at PIM.Report_search.tearDown(Report_search.java:84)
at PIM.Report_search.tearDown(Report_search.java:84)
at PIM.Report_search.tearDown(Report_search.java:84)
at PIM.Report_search.tearDown(Report_search.java:84)
at PIM.Report_search.tearDown(Report_search.java:84)
at PIM.Report_search.tearDown(Report_search.java:84)
at PIM.Report_search.tearDown(Report_search.java:84)
at PIM.Report_search.tearDown(Report_search.java:84)
at PIM.Report_search.tearDown(Report_search.java:84)
at PIM.Report_search.tearDown(Report_search.java:84)
at PIM.Report_search.tearDown(Report_search.java:84)
at PIM.Report_search.tearDown(Report_search.java:84)
at PIM.Report_search.tearDown(Report_search.java:84)
at PIM.Report_search.tearDown(Report_search.java:84)
at PIM.Report_search.tearDown(Report_search.java:84)
at PIM.Report_search.tearDown(Report_search.java:84)
at PIM.Report_search.tearDown(Report_search.java:84)
at PIM.Report_search.tearDown(Report_search.java:84)
at PIM.Report_search.tearDown(Report_search.java:84)
at PIM.Report_search.tearDown(Report_search.java:84)
at PIM.Report_search.tearDown(Report_search.java:84)
at PIM.Report_search.tearDown(Report_search.java:84)
at PIM.Report_search.tearDown(Report_search.java:84)
at PIM.Report_search.tearDown(Report_search.java:84)
at PIM.Report_search.tearDown(Report_search.java:84)
at PIM.Report_search.tearDown(Report_search.java:84)
at PIM.Report_search.tearDown(Report_search.java:84)
at PIM.Report_search.tearDown(Report_search.java:84)
at PIM.Report_search.tearDown(Report_search.java:84)
at PIM.Report_search.tearDown(Report_search.java:84)
at PIM.Report_search.tearDown(Report_search.java:84)
at PIM.Report_search.tearDown(Report_search.java:84)
at PIM.Report_search.tearDown(Report_search.java:84)
at PIM.Report_search.tearDown(Report_search.java:84)
at PIM.Report_search.tearDown(Report_search.java:84)
at PIM.Report_search.tearDown(Report_search.java:84)
at PIM.Report_search.tearDown(Report_search.java:84)
at PIM.Report_search.tearDown(Report_search.java:84)
at PIM.Report_search.tearDown(Report_search.java:84)
at PIM.Report_search.tearDown(Report_search.java:84)
at PIM.Report_search.tearDown(Report_search.java:84)
at PIM.Report_search.tearDown(Report_search.java:84)
at PIM.Report_search.tearDown(Report_search.java:84)
at PIM.Report_search.tearDown(Report_search.java:84)
at PIM.Report_search.tearDown(Report_search.java:84)
at PIM.Report_search.tearDown(Report_search.java:84)
at PIM.Report_search.tearDown(Report_search.java:84)
at PIM.Report_search.tearDown(Report_search.java:84)
at PIM.Report_search.tearDown(Report_search.java:84)
at PIM.Report_search.tearDown(Report_search.java:84)
at PIM.Report_search.tearDown(Report_search.java:84)
at PIM.Report_search.tearDown(Report_search.java:84)
at PIM.Report_search.tearDown(Report_search.java:84)
at PIM.Report_search.tearDown(Report_search.java:84)
at PIM.Report_search.tearDown(Report_search.java:84)
at PIM.Report_search.tearDown(Report_search.java:84)
at PIM.Report_search.tearDown(Report_search.java:84)
at PIM.Report_search.tearDown(Report_search.java:84)
at PIM.Report_search.tearDown(Report_search.java:84)
at PIM.Report_search.tearDown(Report_search.java:84)
at PIM.Report_search.tearDown(Report_search.java:84)
at PIM.Report_search.tearDown(Report_search.java:84)
at PIM.Report_search.tearDown(Report_search.java:84)
at PIM.Report_search.tearDown(Report_search.java:84)
at PIM.Report_search.tearDown(Report_search.java:84)
at PIM.Report_search.tearDown(Report_search.java:84)
at PIM.Report_search.tearDown(Report_search.java:84)
at PIM.Report_search.tearDown(Report_search.java:84)
at PIM.Report_search.tearDown(Report_search.java:84)
at PIM.Report_search.tearDown(Report_search.java:84)
at PIM.Report_search.tearDown(Report_search.java:84)
at PIM.Report_search.tearDown(Report_search.java:84)
at PIM.Report_search.tearDown(Report_search.java:84)
at PIM.Report_search.tearDown(Report_search.java:84)
at PIM.Report_search.tearDown(Report_search.java:84)
at PIM.Report_search.tearDown(Report_search.java:84)
at PIM.Report_search.tearDown(Report_search.java:84)
at PIM.Report_search.tearDown(Report_search.java:84)
at PIM.Report_search.tearDown(Report_search.java:84)
at PIM.Report_search.tearDown(Report_search.java:84)
at PIM.Report_search.tearDown(Report_search.java:84)
at PIM.Report_search.tearDown(Report_search.java:84)
at PIM.Report_search.tearDown(Report_search.java:84)
at PIM.Report_search.tearDown(Report_search.java:84)
at PIM.Report_search.tearDown(Report_search.java:84)
at PIM.Report_search.tearDown(Report_search.java:84)
at PIM.Report_search.tearDown(Report_search.java:84)
at PIM.Report_search.tearDown(Report_search.java:84)
at PIM.Report_search.tearDown(Report_search.java:84)
at PIM.Report_search.tearDown(Report_search.java:84)
at PIM.Report_search.tearDown(Report_search.java:84)
at PIM.Report_search.tearDown(Report_search.java:84)
at PIM.Report_search.tearDown(Report_search.java:84)
at PIM.Report_search.tearDown(Report_search.java:84)
at PIM.Report_search.tearDown(Report_search.java:84)
at PIM.Report_search.tearDown(Report_search.java:84)
at PIM.Report_search.tearDown(Report_search.java:84)
at PIM.Report_search.tearDown(Report_search.java:84)
at PIM.Report_search.tearDown(Report_search.java:84)
at PIM.Report_search.tearDown(Report_search.java:84)
at PIM.Report_search.tearDown(Report_search.java:84)
at PIM.Report_search.tearDown(Report_search.java:84)
at PIM.Report_search.tearDown(Report_search.java:84)
at PIM.Report_search.tearDown(Report_search.java:84)
at PIM.Report_search.tearDown(Report_search.java:84)
at PIM.Report_search.tearDown(Report_search.java:84)
at PIM.Report_search.tearDown(Report_search.java:84)
at PIM.Report_search.tearDown(Report_search.java:84)
at PIM.Report_search.tearDown(Report_search.java:84)
at PIM.Report_search.tearDown(Report_search.java:84)
at PIM.Report_search.tearDown(Report_search.java:84)
at PIM.Report_search.tearDown(Report_search.java:84)
at PIM.Report_search.tearDown(Report_search.java:84)
at PIM.Report_search.tearDown(Report_search.java:84)
at PIM.Report_search.tearDown(Report_search.java:84)
at PIM.Report_search.tearDown(Report_search.java:84)
at PIM.Report_search.tearDown(Report_search.java:84)
at PIM.Report_search.tearDown(Report_search.java:84)
at PIM.Report_search.tearDown(Report_search.java:84)
at PIM.Report_search.tearDown(Report_search.java:84)
at PIM.Report_search.tearDown(Report_search.java:84)
at PIM.Report_search.tearDown(Report_search.java:84)
at PIM.Report_search.tearDown(Report_search.java:84)
at PIM.Report_search.tearDown(Report_search.java:84)
at PIM.Report_search.tearDown(Report_search.java:84)
at PIM.Report_search.tearDown(Report_search.java:84)
at PIM.Report_search.tearDown(Report_search.java:84)
at PIM.Report_search.tearDown(Report_search.java:84)
at PIM.Report_search.tearDown(Report_search.java:84)
at PIM.Report_search.tearDown(Report_search.java:84)
at PIM.Report_search.tearDown(Report_search.java:84)
at PIM.Report_search.tearDown(Report_search.java:84)
at PIM.Report_search.tearDown(Report_search.java:84)
at PIM.Report_search.tearDown(Report_search.java:84)
at PIM.Report_search.tearDown(Report_search.java:84)
at PIM.Report_search.tearDown(Report_search.java:84)
at PIM.Report_search.tearDown(Report_search.java:84)
at PIM.Report_search.tearDown(Report_search.java:84)
at PIM.Report_search.tearDown(Report_search.java:84)
at PIM.Report_search.tearDown(Report_search.java:84)
at PIM.Report_search.tearDown(Report_search.java:84)
at PIM.Report_search.tearDown(Report_search.java:84)
at PIM.Report_search.tearDown(Report_search.java:84)
at PIM.Report_search.tearDown(Report_search.java:84)
at PIM.Report_search.tearDown(Report_search.java:84)
at PIM.Report_search.tearDown(Report_search.java:84)
at PIM.Report_search.tearDown(Report_search.java:84)
at PIM.Report_search.tearDown(Report_search.java:84)
at PIM.Report_search.tearDown(Report_search.java:84)
at PIM.Report_search.tearDown(Report_search.java:84)
at PIM.Report_search.tearDown(Report_search.java:84)
at PIM.Report_search.tearDown(Report_search.java:84)
at PIM.Report_search.tearDown(Report_search.java:84)
at PIM.Report_search.tearDown(Report_search.java:84)
at PIM.Report_search.tearDown(Report_search.java:84)
at PIM.Report_search.tearDown(Report_search.java:84)
at PIM.Report_search.tearDown(Report_search.java:84)
at PIM.Report_search.tearDown(Report_search.java:84)
at PIM.Report_search.tearDown(Report_search.java:84)
at PIM.Report_search.tearDown(Report_search.java:84)
at PIM.Report_search.tearDown(Report_search.java:84)
at PIM.Report_search.tearDown(Report_search.java:84)
at PIM.Report_search.tearDown(Report_search.java:84)
at PIM.Report_search.tearDown(Report_search.java:84)
at PIM.Report_search.tearDown(Report_search.java:84)
at PIM.Report_search.tearDown(Report_search.java:84)
at PIM.Report_search.tearDown(Report_search.java:84)
at PIM.Report_search.tearDown(Report_search.java:84)
at PIM.Report_search.tearDown(Report_search.java:84)
at PIM.Report_search.tearDown(Report_search.java:84)
at PIM.Report_search.tearDown(Report_search.java:84)
at PIM.Report_search.tearDown(Report_search.java:84)
at PIM.Report_search.tearDown(Report_search.java:84)
at PIM.Report_search.tearDown(Report_search.java:84)
at PIM.Report_search.tearDown(Report_search.java:84)
at PIM.Report_search.tearDown(Report_search.java:84)
at PIM.Report_search.tearDown(Report_search.java:84)
at PIM.Report_search.tearDown(Report_search.java:84)
at PIM.Report_search.tearDown(Report_search.java:84)
at PIM.Report_search.tearDown(Report_search.java:84)
at PIM.Report_search.tearDown(Report_search.java:84)
at PIM.Report_search.tearDown(Report_search.java:84)
at PIM.Report_search.tearDown(Report_search.java:84)
at PIM.Report_search.tearDown(Report_search.java:84)
at PIM.Report_search.tearDown(Report_search.java:84)
at PIM.Report_search.tearDown(Report_search.java:84)
at PIM.Report_search.tearDown(Report_search.java:84)
at PIM.Report_search.tearDown(Report_search.java:84)
at PIM.Report_search.tearDown(Report_search.java:84)
at PIM.Report_search.tearDown(Report_search.java:84)
at PIM.Report_search.tearDown(Report_search.java:84)
at PIM.Report_search.tearDown(Report_search.java:84)
at PIM.Report_search.tearDown(Report_search.java:84)
at PIM.Report_search.tearDown(Report_search.java:84)
at PIM.Report_search.tearDown(Report_search.java:84)
at PIM.Report_search.tearDown(Report_search.java:84)
at PIM.Report_search.tearDown(Report_search.java:84)
at PIM.Report_search.tearDown(Report_search.java:84)
at PIM.Report_search.tearDown(Report_search.java:84)
at PIM.Report_search.tearDown(Report_search.java:84)
at PIM.Report_search.tearDown(Report_search.java:84)
at PIM.Report_search.tearDown(Report_search.java:84)
at PIM.Report_search.tearDown(Report_search.java:84)
at PIM.Report_search.tearDown(Report_search.java:84)
at PIM.Report_search.tearDown(Report_search.java:84)
at PIM.Report_search.tearDown(Report_search.java:84)
at PIM.Report_search.tearDown(Report_search.java:84)
at PIM.Report_search.tearDown(Report_search.java:84)
at PIM.Report_search.tearDown(Report_search.java:84)
at PIM.Report_search.tearDown(Report_search.java:84)
at PIM.Report_search.tearDown(Report_search.java:84)
at PIM.Report_search.tearDown(Report_search.java:84)
at PIM.Report_search.tearDown(Report_search.java:84)
at PIM.Report_search.tearDown(Report_search.java:84)
at PIM.Report_search.tearDown(Report_search.java:84)
at PIM.Report_search.tearDown(Report_search.java:84)
at PIM.Report_search.tearDown(Report_search.java:84)
at PIM.Report_search.tearDown(Report_search.java:84)
at PIM.Report_search.tearDown(Report_search.java:84)
at PIM.Report_search.tearDown(Report_search.java:84)
at PIM.Report_search.tearDown(Report_search.java:84)
at PIM.Report_search.tearDown(Report_search.java:84)
at PIM.Report_search.tearDown(Report_search.java:84)
at PIM.Report_search.tearDown(Report_search.java:84)
at PIM.Report_search.tearDown(Report_search.java:84)
at PIM.Report_search.tearDown(Report_search.java:84)
at PIM.Report_search.tearDown(Report_search.java:84)
at PIM.Report_search.tearDown(Report_search.java:84)
at PIM.Report_search.tearDown(Report_search.java:84)
at PIM.Report_search.tearDown(Report_search.java:84)
at PIM.Report_search.tearDown(Report_search.java:84)
at PIM.Report_search.tearDown(Report_search.java:84)
at PIM.Report_search.tearDown(Report_search.java:84)
at PIM.Report_search.tearDown(Report_search.java:84)
at PIM.Report_search.tearDown(Report_search.java:84)
at PIM.Report_search.tearDown(Report_search.java:84)
at PIM.Report_search.tearDown(Report_search.java:84)
at PIM.Report_search.tearDown(Report_search.java:84)
at PIM.Report_search.tearDown(Report_search.java:84)
at PIM.Report_search.tearDown(Report_search.java:84)
at PIM.Report_search.tearDown(Report_search.java:84)
at PIM.Report_search.tearDown(Report_search.java:84)
at PIM.Report_search.tearDown(Report_search.java:84)
at PIM.Report_search.tearDown(Report_search.java:84)
at PIM.Report_search.tearDown(Report_search.java:84)
at PIM.Report_search.tearDown(Report_search.java:84)
at PIM.Report_search.tearDown(Report_search.java:84)
at PIM.Report_search.tearDown(Report_search.java:84)
at PIM.Report_search.tearDown(Report_search.java:84)
at PIM.Report_search.tearDown(Report_search.java:84)
at PIM.Report_search.tearDown(Report_search.java:84)
at PIM.Report_search.tearDown(Report_search.java:84)
at PIM.Report_search.tearDown(Report_search.java:84)
at PIM.Report_search.tearDown(Report_search.java:84)
at PIM.Report_search.tearDown(Report_search.java:84)
at PIM.Report_search.tearDown(Report_search.java:84)
at PIM.Report_search.tearDown(Report_search.java:84)
at PIM.Report_search.tearDown(Report_search.java:84)
at PIM.Report_search.tearDown(Report_search.java:84)
at PIM.Report_search.tearDown(Report_search.java:84)
at PIM.Report_search.tearDown(Report_search.java:84)
at PIM.Report_search.tearDown(Report_search.java:84)
at PIM.Report_search.tearDown(Report_search.java:84)
at PIM.Report_search.tearDown(Report_search.java:84)
at PIM.Report_search.tearDown(Report_search.java:84)
at PIM.Report_search.tearDown(Report_search.java:84)
at PIM.Report_search.tearDown(Report_search.java:84)
at PIM.Report_search.tearDown(Report_search.java:84)
at PIM.Report_search.tearDown(Report_search.java:84)
at PIM.Report_search.tearDown(Report_search.java:84)
at PIM.Report_search.tearDown(Report_search.java:84)
at PIM.Report_search.tearDown(Report_search.java:84)
at PIM.Report_search.tearDown(Report_search.java:84)
at PIM.Report_search.tearDown(Report_search.java:84)
at PIM.Report_search.tearDown(Report_search.java:84)
at PIM.Report_search.tearDown(Report_search.java:84)
at PIM.Report_search.tearDown(Report_search.java:84)
at PIM.Report_search.tearDown(Report_search.java:84)
at PIM.Report_search.tearDown(Report_search.java:84)
at PIM.Report_search.tearDown(Report_search.java:84)
at PIM.Report_search.tearDown(Report_search.java:84)
at PIM.Report_search.tearDown(Report_search.java:84)
at PIM.Report_search.tearDown(Report_search.java:84)
at PIM.Report_search.tearDown(Report_search.java:84)
at PIM.Report_search.tearDown(Report_search.java:84)
at PIM.Report_search.tearDown(Report_search.java:84)
at PIM.Report_search.tearDown(Report_search.java:84)
at PIM.Report_search.tearDown(Report_search.java:84)
at PIM.Report_search.tearDown(Report_search.java:84)
at PIM.Report_search.tearDown(Report_search.java:84)
at PIM.Report_search.tearDown(Report_search.java:84)
at PIM.Report_search.tearDown(Report_search.java:84)
at PIM.Report_search.tearDown(Report_search.java:84)
at PIM.Report_search.tearDown(Report_search.java:84)
at PIM.Report_search.tearDown(Report_search.java:84)
at PIM.Report_search.tearDown(Report_search.java:84)
at PIM.Report_search.tearDown(Report_search.java:84)
at PIM.Report_search.tearDown(Report_search.java:84)
at PIM.Report_search.tearDown(Report_search.java:84)
at PIM.Report_search.tearDown(Report_search.java:84)
at PIM.Report_search.tearDown(Report_search.java:84)
at PIM.Report_search.tearDown(Report_search.java:84)
at PIM.Report_search.tearDown(Report_search.java:84)
at PIM.Report_search.tearDown(Report_search.java:84)
at PIM.Report_search.tearDown(Report_search.java:84)
at PIM.Report_search.tearDown(Report_search.java:84)
at PIM.Report_search.tearDown(Report_search.java:84)
at PIM.Report_search.tearDown(Report_search.java:84)
at PIM.Report_search.tearDown(Report_search.java:84)
at PIM.Report_search.tearDown(Report_search.java:84)
at PIM.Report_search.tearDown(Report_search.java:84)
at PIM.Report_search.tearDown(Report_search.java:84)
at PIM.Report_search.tearDown(Report_search.java:84)
at PIM.Report_search.tearDown(Report_search.java:84)
at PIM.Report_search.tearDown(Report_search.java:84)
at PIM.Report_search.tearDown(Report_search.java:84)
at PIM.Report_search.tearDown(Report_search.java:84)
at PIM.Report_search.tearDown(Report_search.java:84)
at PIM.Report_search.tearDown(Report_search.java:84)
at PIM.Report_search.tearDown(Report_search.java:84)
at PIM.Report_search.tearDown(Report_search.java:84)
at PIM.Report_search.tearDown(Report_search.java:84)
at PIM.Report_search.tearDown(Report_search.java:84)
at PIM.Report_search.tearDown(Report_search.java:84)
at PIM.Report_search.tearDown(Report_search.java:84)
at PIM.Report_search.tearDown(Report_search.java:84)
at PIM.Report_search.tearDown(Report_search.java:84)
at PIM.Report_search.tearDown(Report_search.java:84)
at PIM.Report_search.tearDown(Report_search.java:84)
at PIM.Report_search.tearDown(Report_search.java:84)
at PIM.Report_search.tearDown(Report_search.java:84)
at PIM.Report_search.tearDown(Report_search.java:84)
at PIM.Report_search.tearDown(Report_search.java:84)
at PIM.Report_search.tearDown(Report_search.java:84)
at PIM.Report_search.tearDown(Report_search.java:84)
at PIM.Report_search.tearDown(Report_search.java:84)
at PIM.Report_search.tearDown(Report_search.java:84)
at PIM.Report_search.tearDown(Report_search.java:84)
at PIM.Report_search.tearDown(Report_search.java:84)
at PIM.Report_search.tearDown(Report_search.java:84)
at PIM.Report_search.tearDown(Report_search.java:84)
at PIM.Report_search.tearDown(Report_search.java:84)
at PIM.Report_search.tearDown(Report_search.java:84)
at PIM.Report_search.tearDown(Report_search.java:84)
at PIM.Report_search.tearDown(Report_search.java:84)
at PIM.Report_search.tearDown(Report_search.java:84)
at PIM.Report_search.tearDown(Report_search.java:84)
at PIM.Report_search.tearDown(Report_search.java:84)
at PIM.Report_search.tearDown(Report_search.java:84)
at PIM.Report_search.tearDown(Report_search.java:84)
at PIM.Report_search.tearDown(Report_search.java:84)
at PIM.Report_search.tearDown(Report_search.java:84)
at PIM.Report_search.tearDown(Report_search.java:84)
at PIM.Report_search.tearDown(Report_search.java:84)
at PIM.Report_search.tearDown(Report_search.java:84)
at PIM.Report_search.tearDown(Report_search.java:84)
at PIM.Report_search.tearDown(Report_search.java:84)
at PIM.Report_search.tearDown(Report_search.java:84)
at PIM.Report_search.tearDown(Report_search.java:84)
at PIM.Report_search.tearDown(Report_search.java:84)
at PIM.Report_search.tearDown(Report_search.java:84)
at PIM.Report_search.tearDown(Report_search.java:84)
at PIM.Report_search.tearDown(Report_search.java:84)
at PIM.Report_search.tearDown(Report_search.java:84)
at PIM.Report_search.tearDown(Report_search.java:84)
at PIM.Report_search.tearDown(Report_search.java:84)
at PIM.Report_search.tearDown(Report_search.java:84)
at PIM.Report_search.tearDown(Report_search.java:84)
at PIM.Report_search.tearDown(Report_search.java:84)
at PIM.Report_search.tearDown(Report_search.java:84)
at PIM.Report_search.tearDown(Report_search.java:84)
at PIM.Report_search.tearDown(Report_search.java:84)
at PIM.Report_search.tearDown(Report_search.java:84)
at PIM.Report_search.tearDown(Report_search.java:84)
at PIM.Report_search.tearDown(Report_search.java:84)
at PIM.Report_search.tearDown(Report_search.java:84)
at PIM.Report_search.tearDown(Report_search.java:84)
at PIM.Report_search.tearDown(Report_search.java:84)
at PIM.Report_search.tearDown(Report_search.java:84)
at PIM.Report_search.tearDown(Report_search.java:84)
at PIM.Report_search.tearDown(Report_search.java:84)
at PIM.Report_search.tearDown(Report_search.java:84)
at PIM.Report_search.tearDown(Report_search.java:84)
at PIM.Report_search.tearDown(Report_search.java:84)
at PIM.Report_search.tearDown(Report_search.java:84)
at PIM.Report_search.tearDown(Report_search.java:84)
at PIM.Report_search.tearDown(Report_search.java:84)
at PIM.Report_search.tearDown(Report_search.java:84)
at PIM.Report_search.tearDown(Report_search.java:84)
at PIM.Report_search.tearDown(Report_search.java:84)
at PIM.Report_search.tearDown(Report_search.java:84)
at PIM.Report_search.tearDown(Report_search.java:84)
at PIM.Report_search.tearDown(Report_search.java:84)
at PIM.Report_search.tearDown(Report_search.java:84)
at PIM.Report_search.tearDown(Report_search.java:84)
at PIM.Report_search.tearDown(Report_search.java:84)
at PIM.Report_search.tearDown(Report_search.java:84)
at PIM.Report_search.tearDown(Report_search.java:84)
at PIM.Report_search.tearDown(Report_search.java:84)
at PIM.Report_search.tearDown(Report_search.java:84)
at PIM.Report_search.tearDown(Report_search.java:84)
at PIM.Report_search.tearDown(Report_search.java:84)
at PIM.Report_search.tearDown(Report_search.java:84)
at PIM.Report_search.tearDown(Report_search.java:84)
at PIM.Report_search.tearDown(Report_search.java:84)
at PIM.Report_search.tearDown(Report_search.java:84)
at PIM.Report_search.tearDown(Report_search.java:84)
at PIM.Report_search.tearDown(Report_search.java:84)
at PIM.Report_search.tearDown(Report_search.java:84)
at PIM.Report_search.tearDown(Report_search.java:84)
at PIM.Report_search.tearDown(Report_search.java:84)
at PIM.Report_search.tearDown(Report_search.java:84)
at PIM.Report_search.tearDown(Report_search.java:84)
at PIM.Report_search.tearDown(Report_search.java:84)
at PIM.Report_search.tearDown(Report_search.java:84)
at PIM.Report_search.tearDown(Report_search.java:84)
at PIM.Report_search.tearDown(Report_search.java:84)
at PIM.Report_search.tearDown(Report_search.java:84)
at PIM.Report_search.tearDown(Report_search.java:84)
at PIM.Report_search.tearDown(Report_search.java:84)
at PIM.Report_search.tearDown(Report_search.java:84)
at PIM.Report_search.tearDown(Report_search.java:84)
at PIM.Report_search.tearDown(Report_search.java:84)
at PIM.Report_search.tearDown(Report_search.java:84)
at PIM.Report_search.tearDown(Report_search.java:84)
at PIM.Report_search.tearDown(Report_search.java:84)
at PIM.Report_search.tearDown(Report_search.java:84)
at PIM.Report_search.tearDown(Report_search.java:84)
at PIM.Report_search.tearDown(Report_search.java:84)
at PIM.Report_search.tearDown(Report_search.java:84)
at PIM.Report_search.tearDown(Report_search.java:84)
at PIM.Report_search.tearDown(Report_search.java:84)
at PIM.Report_search.tearDown(Report_search.java:84)
at PIM.Report_search.tearDown(Report_search.java:84)
at PIM.Report_search.tearDown(Report_search.java:84)
at PIM.Report_search.tearDown(Report_search.java:84)
at PIM.Report_search.tearDown(Report_search.java:84)
at PIM.Report_search.tearDown(Report_search.java:84)
at PIM.Report_search.tearDown(Report_search.java:84)
at PIM.Report_search.tearDown(Report_search.java:84)
at PIM.Report_search.tearDown(Report_search.java:84)
at PIM.Report_search.tearDown(Report_search.java:84)
at PIM.Report_search.tearDown(Report_search.java:84)
at PIM.Report_search.tearDown(Report_search.java:84)
at PIM.Report_search.tearDown(Report_search.java:84)
at PIM.Report_search.tearDown(Report_search.java:84)
at PIM.Report_search.tearDown(Report_search.java:84)
at PIM.Report_search.tearDown(Report_search.java:84)
at PIM.Report_search.tearDown(Report_search.java:84)
at PIM.Report_search.tearDown(Report_search.java:84)
at PIM.Report_search.tearDown(Report_search.java:84)
at PIM.Report_search.tearDown(Report_search.java:84)
at PIM.Report_search.tearDown(Report_search.java:84)
at PIM.Report_search.tearDown(Report_search.java:84)
at PIM.Report_search.tearDown(Report_search.java:84)
at PIM.Report_search.tearDown(Report_search.java:84)
at PIM.Report_search.tearDown(Report_search.java:84)
at PIM.Report_search.tearDown(Report_search.java:84)
at PIM.Report_search.tearDown(Report_search.java:84)
at PIM.Report_search.tearDown(Report_search.java:84)
at PIM.Report_search.tearDown(Report_search.java:84)
at PIM.Report_search.tearDown(Report_search.java:84)
at PIM.Report_search.tearDown(Report_search.java:84)
at PIM.Report_search.tearDown(Report_search.java:84)
at PIM.Report_search.tearDown(Report_search.java:84)
at PIM.Report_search.tearDown(Report_search.java:84)
at PIM.Report_search.tearDown(Report_search.java:84)
at PIM.Report_search.tearDown(Report_search.java:84)
at PIM.Report_search.tearDown(Report_search.java:84)
at PIM.Report_search.tearDown(Report_search.java:84)
at PIM.Report_search.tearDown(Report_search.java:84)
at PIM.Report_search.tearDown(Report_search.java:84)
at PIM.Report_search.tearDown(Report_search.java:84)
at PIM.Report_search.tearDown(Report_search.java:84)
at PIM.Report_search.tearDown(Report_search.java:84)
at PIM.Report_search.tearDown(Report_search.java:84)
at PIM.Report_search.tearDown(Report_search.java:84)
at PIM.Report_search.tearDown(Report_search.java:84)
at PIM.Report_search.tearDown(Report_search.java:84)
at PIM.Report_search.tearDown(Report_search.java:84)
at PIM.Report_search.tearDown(Report_search.java:84)
at PIM.Report_search.tearDown(Report_search.java:84)
at PIM.Report_search.tearDown(Report_search.java:84)
at PIM.Report_search.tearDown(Report_search.java:84)
at PIM.Report_search.tearDown(Report_search.java:84)
at PIM.Report_search.tearDown(Report_search.java:84)
at PIM.Report_search.tearDown(Report_search.java:84)
at PIM.Report_search.tearDown(Report_search.java:84)
at PIM.Report_search.tearDown(Report_search.java:84)
at PIM.Report_search.tearDown(Report_search.java:84)
at PIM.Report_search.tearDown(Report_search.java:84)
at PIM.Report_search.tearDown(Report_search.java:84)
at PIM.Report_search.tearDown(Report_search.java:84)
at PIM.Report_search.tearDown(Report_search.java:84)
at PIM.Report_search.tearDown(Report_search.java:84)
at PIM.Report_search.tearDown(Report_search.java:84)
at PIM.Report_search.tearDown(Report_search.java:84)
at PIM.Report_search.tearDown(Report_search.java:84)
at PIM.Report_search.tearDown(Report_search.java:84)
at PIM.Report_search.tearDown(Report_search.java:84)
at PIM.Report_search.tearDown(Report_search.java:84)
at PIM.Report_search.tearDown(Report_search.java:84)
at PIM.Report_search.tearDown(Report_search.java:84)
at PIM.Report_search.tearDown(Report_search.java:84)
at PIM.Report_search.tearDown(Report_search.java:84)
at PIM.Report_search.tearDown(Report_search.java:84)
at PIM.Report_search.tearDown(Report_search.java:84)
at PIM.Report_search.tearDown(Report_search.java:84)
at PIM.Report_search.tearDown(Report_search.java:84)
at PIM.Report_search.tearDown(Report_search.java:84)
at PIM.Report_search.tearDown(Report_search.java:84)
at PIM.Report_search.tearDown(Report_search.java:84)
at PIM.Report_search.tearDown(Report_search.java:84)
at PIM.Report_search.tearDown(Report_search.java:84)
at PIM.Report_search.tearDown(Report_search.java:84)
at PIM.Report_search.tearDown(Report_search.java:84)
at PIM.Report_search.tearDown(Report_search.java:84)
at PIM.Report_search.tearDown(Report_search.java:84)
at PIM.Report_search.tearDown(Report_search.java:84)
at PIM.Report_search.tearDown(Report_search.java:84)
at PIM.Report_search.tearDown(Report_search.java:84)
at PIM.Report_search.tearDown(Report_search.java:84)
at PIM.Report_search.tearDown(Report_search.java:84)
at PIM.Report_search.tearDown(Report_search.java:84)
at PIM.Report_search.tearDown(Report_search.java:84)
at PIM.Report_search.tearDown(Report_search.java:84)
at PIM.Report_search.tearDown(Report_search.java:84)
at PIM.Report_search.tearDown(Report_search.java:84)
at PIM.Report_search.tearDown(Report_search.java:84)
at PIM.Report_search.tearDown(Report_search.java:84)
at PIM.Report_search.tearDown(Report_search.java:84)
]]>
    </error>
  </testcase> <!-- tearDown -->
  <testcase classname="PIM.Report_search" name="testResetFunctionality" time="0.447"/>
  <testcase classname="PIM.Report_search" name="testSearchFunctionality" time="0.300"/>
</testsuite> <!-- PIM.Report_search -->
